        -:    0:Source:/home/drmbx/CLionProjects/OOP/CircularBuffer/test/TestUtils.h
        -:    0:Graph:/home/drmbx/CLionProjects/OOP/CircularBuffer/cmake-build-debug-coverage/test/CMakeFiles/Tests.dir/ChangeTest.cpp.gcno
        -:    0:Data:/home/drmbx/CLionProjects/OOP/CircularBuffer/cmake-build-debug-coverage/test/CMakeFiles/Tests.dir/ChangeTest.cpp.gcda
        -:    0:Runs:1
        -:    1:#include <vector>
        -:    2:#include "CircularBuffer.h"
        -:    3:
        -:    4:template<typename T>
function _Z13isBufEqVectorIiEbRK14CircularBufferIT_ERKSt6vectorIS1_SaIS1_EE called 0 returned 0% blocks executed 0%
    #####:    5:bool isBufEqVector(const CircularBuffer<T> &Buf, const std::vector<T> &Vec)
        -:    6:{
    #####:    7:    if (Buf.size() != Vec.size())
    %%%%%:    7-block  0
call    0 never executed
call    1 never executed
branch  2 never executed (fallthrough)
branch  3 never executed
    #####:    8:        return false;
    %%%%%:    8-block  0
        -:    9:
    #####:   10:    for (int i = 0; i < Buf.size(); i++)
    %%%%%:   10-block  0
    %%%%%:   10-block  1
    %%%%%:   10-block  2
call    0 never executed
branch  1 never executed
branch  2 never executed (fallthrough)
        -:   11:    {
    #####:   12:        if (Buf[i] != Vec[i])
    %%%%%:   12-block  0
call    0 never executed
call    1 never executed
branch  2 never executed (fallthrough)
branch  3 never executed
    #####:   13:            return false;
    %%%%%:   13-block  0
        -:   14:    }
    #####:   15:    return true;
    %%%%%:   15-block  0
        -:   16:}
        -:   17:
