        -:    0:Source:/home/drmbx/CLionProjects/OOP/CircularBuffer/test/ConstructorTest.cpp
        -:    0:Graph:/home/drmbx/CLionProjects/OOP/CircularBuffer/cmake-build-debug-coverage/test/CMakeFiles/Tests.dir/ConstructorTest.cpp.gcno
        -:    0:Data:/home/drmbx/CLionProjects/OOP/CircularBuffer/cmake-build-debug-coverage/test/CMakeFiles/Tests.dir/ConstructorTest.cpp.gcda
        -:    0:Runs:1
        -:    1:#include "gtest/gtest.h"
        -:    2:#include "CircularBuffer.h"
        -:    3:#include "TestUtils.h"
        -:    4:
        4:    5:TEST(ConstructorTest, DefaultConstructor) {
       1*:    6:    EXPECT_NO_THROW({
        -:    7:                        CircularBuffer<int> buf;
        1:    8:                    });
        1:    9:}
------------------
_ZN39ConstructorTest_DefaultConstructor_TestC2Ev:
function _ZN39ConstructorTest_DefaultConstructor_TestC2Ev called 1 returned 100% blocks executed 100%
        1:    5:TEST(ConstructorTest, DefaultConstructor) {
        1:    5-block  0
call    0 returned 1
------------------
_ZN39ConstructorTest_DefaultConstructor_TestD0Ev:
function _ZN39ConstructorTest_DefaultConstructor_TestD0Ev called 1 returned 100% blocks executed 100%
        1:    5:TEST(ConstructorTest, DefaultConstructor) {
        1:    5-block  0
call    0 returned 1
call    1 returned 1
------------------
_ZN39ConstructorTest_DefaultConstructor_TestD2Ev:
function _ZN39ConstructorTest_DefaultConstructor_TestD2Ev called 1 returned 100% blocks executed 100%
        1:    5:TEST(ConstructorTest, DefaultConstructor) {
        1:    5-block  0
call    0 returned 1
------------------
_ZN39ConstructorTest_DefaultConstructor_Test8TestBodyEv:
function _ZN39ConstructorTest_DefaultConstructor_Test8TestBodyEv called 1 returned 100% blocks executed 20%
        1:    5:TEST(ConstructorTest, DefaultConstructor) {
       1*:    6:    EXPECT_NO_THROW({
        1:    6-block  0
call    0 returned 1
call    1 returned 1
branch  2 taken 1 (fallthrough)
branch  3 taken 0
        1:    6-block  1
call    4 returned 1
branch  5 taken 1 (fallthrough)
branch  6 taken 0 (throw)
        1:    6-block  2
branch  7 taken 1 (fallthrough)
branch  8 taken 0
        1:    6-block  3
call    9 returned 1
call   10 returned 1
    %%%%%:    6-block  4
call   11 never executed
branch 12 never executed (fallthrough)
branch 13 never executed (throw)
    %%%%%:    6-block  5
call   14 never executed
branch 15 never executed (fallthrough)
branch 16 never executed (throw)
    %%%%%:    6-block  6
call   17 never executed
call   18 never executed
branch 19 never executed (fallthrough)
branch 20 never executed (throw)
    %%%%%:    6-block  7
call   21 never executed
branch 22 never executed (fallthrough)
branch 23 never executed (throw)
    %%%%%:    6-block  8
call   24 never executed
call   25 never executed
call   26 never executed
    $$$$$:    6-block  9
branch 27 never executed
branch 28 never executed
    $$$$$:    6-block 10
call   29 never executed
call   30 never executed
branch 31 never executed (fallthrough)
branch 32 never executed (throw)
    $$$$$:    6-block 11
call   33 never executed
branch 34 never executed (fallthrough)
branch 35 never executed (throw)
    $$$$$:    6-block 12
call   36 never executed
branch 37 never executed (fallthrough)
branch 38 never executed (throw)
    $$$$$:    6-block 13
call   39 never executed
call   40 never executed
branch 41 never executed (fallthrough)
branch 42 never executed (throw)
    $$$$$:    6-block 14
call   43 never executed
call   44 never executed
branch 45 never executed (fallthrough)
branch 46 never executed (throw)
    $$$$$:    6-block 15
call   47 never executed
branch 48 never executed (fallthrough)
branch 49 never executed (throw)
    $$$$$:    6-block 16
    $$$$$:    6-block 17
call   50 never executed
    $$$$$:    6-block 18
call   51 never executed
call   52 never executed
branch 53 never executed (fallthrough)
branch 54 never executed (throw)
    $$$$$:    6-block 19
    $$$$$:    6-block 20
call   55 never executed
branch 56 never executed (fallthrough)
branch 57 never executed (throw)
    $$$$$:    6-block 21
call   58 never executed
    $$$$$:    6-block 22
    $$$$$:    6-block 23
call   59 never executed
    $$$$$:    6-block 24
call   60 never executed
    $$$$$:    6-block 25
call   61 never executed
    $$$$$:    6-block 26
call   62 never executed
    $$$$$:    6-block 27
    $$$$$:    6-block 28
    $$$$$:    6-block 29
call   63 never executed
    $$$$$:    6-block 30
        -:    7:                        CircularBuffer<int> buf;
        1:    8:                    });
        1:    8-block  0
call    0 returned 1
    $$$$$:    8-block  1
call    1 never executed
        1:    9:}
------------------
        -:   10:
        4:   11:TEST(ConstructorTest, ConstructorWithCapacity) {
        1:   12:    CircularBuffer<int> buf(1000);
       1*:   13:    EXPECT_EQ(buf.capacity(), 1000);
        1:   14:}
------------------
_ZN44ConstructorTest_ConstructorWithCapacity_TestC2Ev:
function _ZN44ConstructorTest_ConstructorWithCapacity_TestC2Ev called 1 returned 100% blocks executed 100%
        1:   11:TEST(ConstructorTest, ConstructorWithCapacity) {
        1:   11-block  0
call    0 returned 1
------------------
_ZN44ConstructorTest_ConstructorWithCapacity_TestD0Ev:
function _ZN44ConstructorTest_ConstructorWithCapacity_TestD0Ev called 1 returned 100% blocks executed 100%
        1:   11:TEST(ConstructorTest, ConstructorWithCapacity) {
        1:   11-block  0
call    0 returned 1
call    1 returned 1
------------------
_ZN44ConstructorTest_ConstructorWithCapacity_TestD2Ev:
function _ZN44ConstructorTest_ConstructorWithCapacity_TestD2Ev called 1 returned 100% blocks executed 100%
        1:   11:TEST(ConstructorTest, ConstructorWithCapacity) {
        1:   11-block  0
call    0 returned 1
------------------
_ZN44ConstructorTest_ConstructorWithCapacity_Test8TestBodyEv:
function _ZN44ConstructorTest_ConstructorWithCapacity_Test8TestBodyEv called 1 returned 100% blocks executed 31%
        1:   11:TEST(ConstructorTest, ConstructorWithCapacity) {
        1:   12:    CircularBuffer<int> buf(1000);
        1:   12-block  0
call    0 returned 1
branch  1 taken 1 (fallthrough)
branch  2 taken 0 (throw)
       1*:   13:    EXPECT_EQ(buf.capacity(), 1000);
        1:   13-block  0
call    0 returned 1
call    1 returned 1
branch  2 taken 1 (fallthrough)
branch  3 taken 0 (throw)
        1:   13-block  1
call    4 returned 1
branch  5 taken 0 (fallthrough)
branch  6 taken 1
    %%%%%:   13-block  2
call    7 never executed
branch  8 never executed (fallthrough)
branch  9 never executed (throw)
    %%%%%:   13-block  3
call   10 never executed
call   11 never executed
branch 12 never executed (fallthrough)
branch 13 never executed (throw)
    %%%%%:   13-block  4
call   14 never executed
branch 15 never executed (fallthrough)
branch 16 never executed (throw)
    %%%%%:   13-block  5
call   17 never executed
call   18 never executed
        1:   13-block  6
call   19 returned 1
    $$$$$:   13-block  7
    $$$$$:   13-block  8
    $$$$$:   13-block  9
call   20 never executed
    $$$$$:   13-block 10
    $$$$$:   13-block 11
call   21 never executed
    $$$$$:   13-block 12
    $$$$$:   13-block 13
call   22 never executed
        1:   14:}
call    0 returned 1
    $$$$$:   14-block  0
call    1 never executed
------------------
        -:   15:
        4:   16:TEST(ConstructorTest, ConstructorWithCapacityElem) {
        1:   17:    CircularBuffer<int> buf(1000, 123);
       1*:   18:    EXPECT_EQ(buf.capacity(), 1000);
        2:   19:    std::vector<int> vec(1000, 123);
       1*:   20:    EXPECT_TRUE(isBufEqVector(buf, vec));
        1:   21:}
------------------
_ZN48ConstructorTest_ConstructorWithCapacityElem_TestC2Ev:
function _ZN48ConstructorTest_ConstructorWithCapacityElem_TestC2Ev called 1 returned 100% blocks executed 100%
        1:   16:TEST(ConstructorTest, ConstructorWithCapacityElem) {
        1:   16-block  0
call    0 returned 1
------------------
_ZN48ConstructorTest_ConstructorWithCapacityElem_TestD0Ev:
function _ZN48ConstructorTest_ConstructorWithCapacityElem_TestD0Ev called 1 returned 100% blocks executed 100%
        1:   16:TEST(ConstructorTest, ConstructorWithCapacityElem) {
        1:   16-block  0
call    0 returned 1
call    1 returned 1
------------------
_ZN48ConstructorTest_ConstructorWithCapacityElem_TestD2Ev:
function _ZN48ConstructorTest_ConstructorWithCapacityElem_TestD2Ev called 1 returned 100% blocks executed 100%
        1:   16:TEST(ConstructorTest, ConstructorWithCapacityElem) {
        1:   16-block  0
call    0 returned 1
------------------
_ZN48ConstructorTest_ConstructorWithCapacityElem_Test8TestBodyEv:
function _ZN48ConstructorTest_ConstructorWithCapacityElem_Test8TestBodyEv called 1 returned 100% blocks executed 28%
        1:   16:TEST(ConstructorTest, ConstructorWithCapacityElem) {
        1:   17:    CircularBuffer<int> buf(1000, 123);
        1:   17-block  0
call    0 returned 1
branch  1 taken 1 (fallthrough)
branch  2 taken 0 (throw)
    $$$$$:   17-block  1
       1*:   18:    EXPECT_EQ(buf.capacity(), 1000);
        1:   18-block  0
call    0 returned 1
call    1 returned 1
branch  2 taken 1 (fallthrough)
branch  3 taken 0 (throw)
        1:   18-block  1
call    4 returned 1
branch  5 taken 0 (fallthrough)
branch  6 taken 1
    %%%%%:   18-block  2
call    7 never executed
branch  8 never executed (fallthrough)
branch  9 never executed (throw)
    %%%%%:   18-block  3
call   10 never executed
call   11 never executed
branch 12 never executed (fallthrough)
branch 13 never executed (throw)
    %%%%%:   18-block  4
call   14 never executed
branch 15 never executed (fallthrough)
branch 16 never executed (throw)
    %%%%%:   18-block  5
call   17 never executed
call   18 never executed
        1:   18-block  6
call   19 returned 1
    $$$$$:   18-block  7
    $$$$$:   18-block  8
    $$$$$:   18-block  9
call   20 never executed
    $$$$$:   18-block 10
    $$$$$:   18-block 11
call   21 never executed
    $$$$$:   18-block 12
    $$$$$:   18-block 13
call   22 never executed
        2:   19:    std::vector<int> vec(1000, 123);
        1:   19-block  0
call    0 returned 1
branch  1 taken 1 (fallthrough)
branch  2 taken 0 (throw)
        1:   19-block  1
call    3 returned 1
    $$$$$:   19-block  2
    $$$$$:   19-block  3
    $$$$$:   19-block  4
call    4 never executed
       1*:   20:    EXPECT_TRUE(isBufEqVector(buf, vec));
        1:   20-block  0
call    0 returned 1
branch  1 taken 1 (fallthrough)
branch  2 taken 0 (throw)
        1:   20-block  1
call    3 returned 1
call    4 returned 1
branch  5 taken 0 (fallthrough)
branch  6 taken 1
    %%%%%:   20-block  2
call    7 never executed
branch  8 never executed (fallthrough)
branch  9 never executed (throw)
    %%%%%:   20-block  3
call   10 never executed
branch 11 never executed (fallthrough)
branch 12 never executed (throw)
    %%%%%:   20-block  4
call   13 never executed
call   14 never executed
branch 15 never executed (fallthrough)
branch 16 never executed (throw)
    %%%%%:   20-block  5
call   17 never executed
branch 18 never executed (fallthrough)
branch 19 never executed (throw)
    %%%%%:   20-block  6
call   20 never executed
call   21 never executed
call   22 never executed
        1:   20-block  7
call   23 returned 1
    $$$$$:   20-block  8
    $$$$$:   20-block  9
call   24 never executed
    $$$$$:   20-block 10
call   25 never executed
    $$$$$:   20-block 11
    $$$$$:   20-block 12
    $$$$$:   20-block 13
call   26 never executed
    $$$$$:   20-block 14
    $$$$$:   20-block 15
call   27 never executed
        1:   21:}
call    0 returned 1
    $$$$$:   21-block  0
call    1 never executed
------------------
        -:   22:
        4:   23:TEST(ConstructorTest, CopyConstructor) {
        1:   24:    CircularBuffer<int> buf1(1000, 123);
        1:   25:    CircularBuffer<int> buf2(buf1);
       1*:   26:    EXPECT_EQ(buf1.size(), buf2.size());
       1*:   27:    EXPECT_EQ(buf1.capacity(), buf2.capacity());
       1*:   28:    EXPECT_EQ(buf1[0], buf2[0]);
       1*:   29:    EXPECT_EQ(buf1[10], buf2[10]);
        1:   30:}
------------------
_ZN36ConstructorTest_CopyConstructor_TestC2Ev:
function _ZN36ConstructorTest_CopyConstructor_TestC2Ev called 1 returned 100% blocks executed 100%
        1:   23:TEST(ConstructorTest, CopyConstructor) {
        1:   23-block  0
call    0 returned 1
------------------
_ZN36ConstructorTest_CopyConstructor_TestD0Ev:
function _ZN36ConstructorTest_CopyConstructor_TestD0Ev called 1 returned 100% blocks executed 100%
        1:   23:TEST(ConstructorTest, CopyConstructor) {
        1:   23-block  0
call    0 returned 1
call    1 returned 1
------------------
_ZN36ConstructorTest_CopyConstructor_TestD2Ev:
function _ZN36ConstructorTest_CopyConstructor_TestD2Ev called 1 returned 100% blocks executed 100%
        1:   23:TEST(ConstructorTest, CopyConstructor) {
        1:   23-block  0
call    0 returned 1
------------------
_ZN36ConstructorTest_CopyConstructor_Test8TestBodyEv:
function _ZN36ConstructorTest_CopyConstructor_Test8TestBodyEv called 1 returned 100% blocks executed 29%
        1:   23:TEST(ConstructorTest, CopyConstructor) {
        1:   24:    CircularBuffer<int> buf1(1000, 123);
        1:   24-block  0
call    0 returned 1
branch  1 taken 1 (fallthrough)
branch  2 taken 0 (throw)
    $$$$$:   24-block  1
        1:   25:    CircularBuffer<int> buf2(buf1);
        1:   25-block  0
call    0 returned 1
branch  1 taken 1 (fallthrough)
branch  2 taken 0 (throw)
       1*:   26:    EXPECT_EQ(buf1.size(), buf2.size());
        1:   26-block  0
call    0 returned 1
call    1 returned 1
call    2 returned 1
branch  3 taken 1 (fallthrough)
branch  4 taken 0 (throw)
        1:   26-block  1
call    5 returned 1
branch  6 taken 0 (fallthrough)
branch  7 taken 1
    %%%%%:   26-block  2
call    8 never executed
branch  9 never executed (fallthrough)
branch 10 never executed (throw)
    %%%%%:   26-block  3
call   11 never executed
call   12 never executed
branch 13 never executed (fallthrough)
branch 14 never executed (throw)
    %%%%%:   26-block  4
call   15 never executed
branch 16 never executed (fallthrough)
branch 17 never executed (throw)
    %%%%%:   26-block  5
call   18 never executed
call   19 never executed
        1:   26-block  6
call   20 returned 1
    $$$$$:   26-block  7
    $$$$$:   26-block  8
    $$$$$:   26-block  9
call   21 never executed
    $$$$$:   26-block 10
    $$$$$:   26-block 11
call   22 never executed
    $$$$$:   26-block 12
    $$$$$:   26-block 13
call   23 never executed
       1*:   27:    EXPECT_EQ(buf1.capacity(), buf2.capacity());
call    0 returned 1
call    1 returned 1
call    2 returned 1
branch  3 taken 1 (fallthrough)
branch  4 taken 0 (throw)
        1:   27-block  0
call    5 returned 1
branch  6 taken 0 (fallthrough)
branch  7 taken 1
    %%%%%:   27-block  1
call    8 never executed
branch  9 never executed (fallthrough)
branch 10 never executed (throw)
    %%%%%:   27-block  2
call   11 never executed
call   12 never executed
branch 13 never executed (fallthrough)
branch 14 never executed (throw)
    %%%%%:   27-block  3
call   15 never executed
branch 16 never executed (fallthrough)
branch 17 never executed (throw)
    %%%%%:   27-block  4
call   18 never executed
call   19 never executed
        1:   27-block  5
call   20 returned 1
    $$$$$:   27-block  6
    $$$$$:   27-block  7
    $$$$$:   27-block  8
call   21 never executed
    $$$$$:   27-block  9
    $$$$$:   27-block 10
call   22 never executed
    $$$$$:   27-block 11
    $$$$$:   27-block 12
call   23 never executed
       1*:   28:    EXPECT_EQ(buf1[0], buf2[0]);
call    0 returned 1
call    1 returned 1
call    2 returned 1
branch  3 taken 1 (fallthrough)
branch  4 taken 0 (throw)
        1:   28-block  0
call    5 returned 1
branch  6 taken 0 (fallthrough)
branch  7 taken 1
    %%%%%:   28-block  1
call    8 never executed
branch  9 never executed (fallthrough)
branch 10 never executed (throw)
    %%%%%:   28-block  2
call   11 never executed
call   12 never executed
branch 13 never executed (fallthrough)
branch 14 never executed (throw)
    %%%%%:   28-block  3
call   15 never executed
branch 16 never executed (fallthrough)
branch 17 never executed (throw)
    %%%%%:   28-block  4
call   18 never executed
call   19 never executed
        1:   28-block  5
call   20 returned 1
    $$$$$:   28-block  6
call   21 never executed
    $$$$$:   28-block  7
    $$$$$:   28-block  8
call   22 never executed
    $$$$$:   28-block  9
    $$$$$:   28-block 10
call   23 never executed
       1*:   29:    EXPECT_EQ(buf1[10], buf2[10]);
call    0 returned 1
call    1 returned 1
call    2 returned 1
branch  3 taken 1 (fallthrough)
branch  4 taken 0 (throw)
        1:   29-block  0
call    5 returned 1
branch  6 taken 0 (fallthrough)
branch  7 taken 1
    %%%%%:   29-block  1
call    8 never executed
branch  9 never executed (fallthrough)
branch 10 never executed (throw)
    %%%%%:   29-block  2
call   11 never executed
call   12 never executed
branch 13 never executed (fallthrough)
branch 14 never executed (throw)
    %%%%%:   29-block  3
call   15 never executed
branch 16 never executed (fallthrough)
branch 17 never executed (throw)
    %%%%%:   29-block  4
call   18 never executed
call   19 never executed
        1:   29-block  5
call   20 returned 1
    $$$$$:   29-block  6
call   21 never executed
    $$$$$:   29-block  7
    $$$$$:   29-block  8
call   22 never executed
    $$$$$:   29-block  9
    $$$$$:   29-block 10
call   23 never executed
        1:   30:}
call    0 returned 1
call    1 returned 1
    $$$$$:   30-block  0
call    2 never executed
    $$$$$:   30-block  1
call    3 never executed
------------------
