        -:    0:Source:/home/drmbx/CLionProjects/OOP/CircularBuffer/test/GetterTest.cpp
        -:    0:Graph:/home/drmbx/CLionProjects/OOP/CircularBuffer/cmake-build-debug-coverage/test/CMakeFiles/Tests.dir/GetterTest.cpp.gcno
        -:    0:Data:/home/drmbx/CLionProjects/OOP/CircularBuffer/cmake-build-debug-coverage/test/CMakeFiles/Tests.dir/GetterTest.cpp.gcda
        -:    0:Runs:1
        -:    1:#include "gtest/gtest.h"
        -:    2:#include "CircularBuffer.h"
        -:    3:#include "TestUtils.h"
        -:    4:
        4:    5:TEST(GetterTest, SquareBrackets)
        -:    6:{
        1:    7:    CircularBuffer<int> a(500, 321);
       1*:    8:    EXPECT_EQ(a[400], 321);
        1:    9:}
------------------
_ZN30GetterTest_SquareBrackets_TestC2Ev:
function _ZN30GetterTest_SquareBrackets_TestC2Ev called 1 returned 100% blocks executed 100%
        1:    5:TEST(GetterTest, SquareBrackets)
        1:    5-block  0
call    0 returned 1
------------------
_ZN30GetterTest_SquareBrackets_TestD0Ev:
function _ZN30GetterTest_SquareBrackets_TestD0Ev called 1 returned 100% blocks executed 100%
        1:    5:TEST(GetterTest, SquareBrackets)
        1:    5-block  0
call    0 returned 1
call    1 returned 1
------------------
_ZN30GetterTest_SquareBrackets_TestD2Ev:
function _ZN30GetterTest_SquareBrackets_TestD2Ev called 1 returned 100% blocks executed 100%
        1:    5:TEST(GetterTest, SquareBrackets)
        1:    5-block  0
call    0 returned 1
------------------
_ZN30GetterTest_SquareBrackets_Test8TestBodyEv:
function _ZN30GetterTest_SquareBrackets_Test8TestBodyEv called 1 returned 100% blocks executed 31%
        1:    5:TEST(GetterTest, SquareBrackets)
        -:    6:{
        1:    7:    CircularBuffer<int> a(500, 321);
        1:    7-block  0
call    0 returned 1
branch  1 taken 1 (fallthrough)
branch  2 taken 0 (throw)
    $$$$$:    7-block  1
       1*:    8:    EXPECT_EQ(a[400], 321);
        1:    8-block  0
call    0 returned 1
call    1 returned 1
branch  2 taken 1 (fallthrough)
branch  3 taken 0 (throw)
        1:    8-block  1
call    4 returned 1
branch  5 taken 0 (fallthrough)
branch  6 taken 1
    %%%%%:    8-block  2
call    7 never executed
branch  8 never executed (fallthrough)
branch  9 never executed (throw)
    %%%%%:    8-block  3
call   10 never executed
call   11 never executed
branch 12 never executed (fallthrough)
branch 13 never executed (throw)
    %%%%%:    8-block  4
call   14 never executed
branch 15 never executed (fallthrough)
branch 16 never executed (throw)
    %%%%%:    8-block  5
call   17 never executed
call   18 never executed
        1:    8-block  6
call   19 returned 1
    $$$$$:    8-block  7
    $$$$$:    8-block  8
call   20 never executed
    $$$$$:    8-block  9
    $$$$$:    8-block 10
call   21 never executed
    $$$$$:    8-block 11
    $$$$$:    8-block 12
call   22 never executed
        1:    9:}
call    0 returned 1
    $$$$$:    9-block  0
call    1 never executed
------------------
        -:   10:
        4:   11:TEST(GetterTest, ConstSquareBrackets)
        -:   12:{
        1:   13:    const CircularBuffer<int> a(500, 321);
       1*:   14:    EXPECT_EQ(a[400], 321);
        1:   15:}
------------------
_ZN35GetterTest_ConstSquareBrackets_TestC2Ev:
function _ZN35GetterTest_ConstSquareBrackets_TestC2Ev called 1 returned 100% blocks executed 100%
        1:   11:TEST(GetterTest, ConstSquareBrackets)
        1:   11-block  0
call    0 returned 1
------------------
_ZN35GetterTest_ConstSquareBrackets_TestD0Ev:
function _ZN35GetterTest_ConstSquareBrackets_TestD0Ev called 1 returned 100% blocks executed 100%
        1:   11:TEST(GetterTest, ConstSquareBrackets)
        1:   11-block  0
call    0 returned 1
call    1 returned 1
------------------
_ZN35GetterTest_ConstSquareBrackets_TestD2Ev:
function _ZN35GetterTest_ConstSquareBrackets_TestD2Ev called 1 returned 100% blocks executed 100%
        1:   11:TEST(GetterTest, ConstSquareBrackets)
        1:   11-block  0
call    0 returned 1
------------------
_ZN35GetterTest_ConstSquareBrackets_Test8TestBodyEv:
function _ZN35GetterTest_ConstSquareBrackets_Test8TestBodyEv called 1 returned 100% blocks executed 31%
        1:   11:TEST(GetterTest, ConstSquareBrackets)
        -:   12:{
        1:   13:    const CircularBuffer<int> a(500, 321);
        1:   13-block  0
call    0 returned 1
branch  1 taken 1 (fallthrough)
branch  2 taken 0 (throw)
    $$$$$:   13-block  1
       1*:   14:    EXPECT_EQ(a[400], 321);
        1:   14-block  0
call    0 returned 1
call    1 returned 1
branch  2 taken 1 (fallthrough)
branch  3 taken 0 (throw)
        1:   14-block  1
call    4 returned 1
branch  5 taken 0 (fallthrough)
branch  6 taken 1
    %%%%%:   14-block  2
call    7 never executed
branch  8 never executed (fallthrough)
branch  9 never executed (throw)
    %%%%%:   14-block  3
call   10 never executed
call   11 never executed
branch 12 never executed (fallthrough)
branch 13 never executed (throw)
    %%%%%:   14-block  4
call   14 never executed
branch 15 never executed (fallthrough)
branch 16 never executed (throw)
    %%%%%:   14-block  5
call   17 never executed
call   18 never executed
        1:   14-block  6
call   19 returned 1
    $$$$$:   14-block  7
    $$$$$:   14-block  8
call   20 never executed
    $$$$$:   14-block  9
    $$$$$:   14-block 10
call   21 never executed
    $$$$$:   14-block 11
    $$$$$:   14-block 12
call   22 never executed
        1:   15:}
call    0 returned 1
    $$$$$:   15-block  0
call    1 never executed
------------------
        -:   16:
        4:   17:TEST(GetterTest, At)
        -:   18:{
        1:   19:    CircularBuffer<int> a(500, 321);
       1*:   20:    EXPECT_EQ(a[10], 321);
        1:   21:}
------------------
_ZN18GetterTest_At_TestC2Ev:
function _ZN18GetterTest_At_TestC2Ev called 1 returned 100% blocks executed 100%
        1:   17:TEST(GetterTest, At)
        1:   17-block  0
call    0 returned 1
------------------
_ZN18GetterTest_At_TestD0Ev:
function _ZN18GetterTest_At_TestD0Ev called 1 returned 100% blocks executed 100%
        1:   17:TEST(GetterTest, At)
        1:   17-block  0
call    0 returned 1
call    1 returned 1
------------------
_ZN18GetterTest_At_TestD2Ev:
function _ZN18GetterTest_At_TestD2Ev called 1 returned 100% blocks executed 100%
        1:   17:TEST(GetterTest, At)
        1:   17-block  0
call    0 returned 1
------------------
_ZN18GetterTest_At_Test8TestBodyEv:
function _ZN18GetterTest_At_Test8TestBodyEv called 1 returned 100% blocks executed 31%
        1:   17:TEST(GetterTest, At)
        -:   18:{
        1:   19:    CircularBuffer<int> a(500, 321);
        1:   19-block  0
call    0 returned 1
branch  1 taken 1 (fallthrough)
branch  2 taken 0 (throw)
    $$$$$:   19-block  1
       1*:   20:    EXPECT_EQ(a[10], 321);
        1:   20-block  0
call    0 returned 1
call    1 returned 1
branch  2 taken 1 (fallthrough)
branch  3 taken 0 (throw)
        1:   20-block  1
call    4 returned 1
branch  5 taken 0 (fallthrough)
branch  6 taken 1
    %%%%%:   20-block  2
call    7 never executed
branch  8 never executed (fallthrough)
branch  9 never executed (throw)
    %%%%%:   20-block  3
call   10 never executed
call   11 never executed
branch 12 never executed (fallthrough)
branch 13 never executed (throw)
    %%%%%:   20-block  4
call   14 never executed
branch 15 never executed (fallthrough)
branch 16 never executed (throw)
    %%%%%:   20-block  5
call   17 never executed
call   18 never executed
        1:   20-block  6
call   19 returned 1
    $$$$$:   20-block  7
    $$$$$:   20-block  8
call   20 never executed
    $$$$$:   20-block  9
    $$$$$:   20-block 10
call   21 never executed
    $$$$$:   20-block 11
    $$$$$:   20-block 12
call   22 never executed
        1:   21:}
call    0 returned 1
    $$$$$:   21-block  0
call    1 never executed
------------------
        -:   22:
        4:   23:TEST(GetterTest, AtException)
        -:   24:{
        1:   25:    CircularBuffer<int> a(500, 321);
       1*:   26:    EXPECT_ANY_THROW(a.at(-10));
        1:   27:}
------------------
_ZN27GetterTest_AtException_TestC2Ev:
function _ZN27GetterTest_AtException_TestC2Ev called 1 returned 100% blocks executed 100%
        1:   23:TEST(GetterTest, AtException)
        1:   23-block  0
call    0 returned 1
------------------
_ZN27GetterTest_AtException_TestD0Ev:
function _ZN27GetterTest_AtException_TestD0Ev called 1 returned 100% blocks executed 100%
        1:   23:TEST(GetterTest, AtException)
        1:   23-block  0
call    0 returned 1
call    1 returned 1
------------------
_ZN27GetterTest_AtException_TestD2Ev:
function _ZN27GetterTest_AtException_TestD2Ev called 1 returned 100% blocks executed 100%
        1:   23:TEST(GetterTest, AtException)
        1:   23-block  0
call    0 returned 1
------------------
_ZN27GetterTest_AtException_Test8TestBodyEv:
function _ZN27GetterTest_AtException_Test8TestBodyEv called 1 returned 100% blocks executed 45%
        1:   23:TEST(GetterTest, AtException)
        -:   24:{
        1:   25:    CircularBuffer<int> a(500, 321);
        1:   25-block  0
call    0 returned 1
branch  1 taken 1 (fallthrough)
branch  2 taken 0 (throw)
    $$$$$:   25-block  1
       1*:   26:    EXPECT_ANY_THROW(a.at(-10));
        1:   26-block  0
call    0 returned 1
branch  1 taken 1 (fallthrough)
branch  2 taken 0 (throw)
        1:   26-block  1
branch  3 taken 1 (fallthrough)
branch  4 taken 0
        1:   26-block  2
call    5 returned 1
branch  6 taken 1 (fallthrough)
branch  7 taken 0 (throw)
        1:   26-block  3
branch  8 taken 1 (fallthrough)
branch  9 taken 0
        1:   26-block  4
call   10 returned 1
branch 11 taken 0 (fallthrough)
branch 12 taken 1 (throw)
        1:   26-block  5
branch 13 taken 0 (fallthrough)
branch 14 taken 1
    %%%%%:   26-block  6
    %%%%%:   26-block  7
call   15 never executed
branch 16 never executed (fallthrough)
branch 17 never executed (throw)
    %%%%%:   26-block  8
call   18 never executed
branch 19 never executed (fallthrough)
branch 20 never executed (throw)
    %%%%%:   26-block  9
call   21 never executed
branch 22 never executed (fallthrough)
branch 23 never executed (throw)
    %%%%%:   26-block 10
call   24 never executed
call   25 never executed
        1:   26-block 11
        1:   26-block 12
call   26 returned 1
call   27 returned 1
branch 28 taken 1 (fallthrough)
branch 29 taken 0 (throw)
    $$$$$:   26-block 13
call   30 never executed
    $$$$$:   26-block 14
    $$$$$:   26-block 15
call   31 never executed
    $$$$$:   26-block 16
        1:   27:}
        1:   27-block  0
call    0 returned 1
    $$$$$:   27-block  1
call    1 never executed
------------------
        -:   28:
        4:   29:TEST(GetterTest, ConstAt)
        -:   30:{
        1:   31:    const CircularBuffer<int> a(500, 321);
       1*:   32:    EXPECT_EQ(a.at(10), 321);
        1:   33:}
------------------
_ZN23GetterTest_ConstAt_TestC2Ev:
function _ZN23GetterTest_ConstAt_TestC2Ev called 1 returned 100% blocks executed 100%
        1:   29:TEST(GetterTest, ConstAt)
        1:   29-block  0
call    0 returned 1
------------------
_ZN23GetterTest_ConstAt_TestD0Ev:
function _ZN23GetterTest_ConstAt_TestD0Ev called 1 returned 100% blocks executed 100%
        1:   29:TEST(GetterTest, ConstAt)
        1:   29-block  0
call    0 returned 1
call    1 returned 1
------------------
_ZN23GetterTest_ConstAt_TestD2Ev:
function _ZN23GetterTest_ConstAt_TestD2Ev called 1 returned 100% blocks executed 100%
        1:   29:TEST(GetterTest, ConstAt)
        1:   29-block  0
call    0 returned 1
------------------
_ZN23GetterTest_ConstAt_Test8TestBodyEv:
function _ZN23GetterTest_ConstAt_Test8TestBodyEv called 1 returned 100% blocks executed 31%
        1:   29:TEST(GetterTest, ConstAt)
        -:   30:{
        1:   31:    const CircularBuffer<int> a(500, 321);
        1:   31-block  0
call    0 returned 1
branch  1 taken 1 (fallthrough)
branch  2 taken 0 (throw)
    $$$$$:   31-block  1
       1*:   32:    EXPECT_EQ(a.at(10), 321);
        1:   32-block  0
call    0 returned 1
branch  1 taken 1 (fallthrough)
branch  2 taken 0 (throw)
        1:   32-block  1
call    3 returned 1
branch  4 taken 1 (fallthrough)
branch  5 taken 0 (throw)
        1:   32-block  2
call    6 returned 1
branch  7 taken 0 (fallthrough)
branch  8 taken 1
    %%%%%:   32-block  3
call    9 never executed
branch 10 never executed (fallthrough)
branch 11 never executed (throw)
    %%%%%:   32-block  4
call   12 never executed
call   13 never executed
branch 14 never executed (fallthrough)
branch 15 never executed (throw)
    %%%%%:   32-block  5
call   16 never executed
branch 17 never executed (fallthrough)
branch 18 never executed (throw)
    %%%%%:   32-block  6
call   19 never executed
call   20 never executed
        1:   32-block  7
call   21 returned 1
    $$$$$:   32-block  8
    $$$$$:   32-block  9
call   22 never executed
    $$$$$:   32-block 10
    $$$$$:   32-block 11
call   23 never executed
    $$$$$:   32-block 12
    $$$$$:   32-block 13
call   24 never executed
        1:   33:}
call    0 returned 1
    $$$$$:   33-block  0
call    1 never executed
------------------
        -:   34:
        4:   35:TEST(GetterTest, ConstAtException)
        -:   36:{
        1:   37:    CircularBuffer<int> a(500, 321);
       1*:   38:    EXPECT_ANY_THROW(a.at(-10));
        1:   39:}
------------------
_ZN32GetterTest_ConstAtException_TestC2Ev:
function _ZN32GetterTest_ConstAtException_TestC2Ev called 1 returned 100% blocks executed 100%
        1:   35:TEST(GetterTest, ConstAtException)
        1:   35-block  0
call    0 returned 1
------------------
_ZN32GetterTest_ConstAtException_TestD0Ev:
function _ZN32GetterTest_ConstAtException_TestD0Ev called 1 returned 100% blocks executed 100%
        1:   35:TEST(GetterTest, ConstAtException)
        1:   35-block  0
call    0 returned 1
call    1 returned 1
------------------
_ZN32GetterTest_ConstAtException_TestD2Ev:
function _ZN32GetterTest_ConstAtException_TestD2Ev called 1 returned 100% blocks executed 100%
        1:   35:TEST(GetterTest, ConstAtException)
        1:   35-block  0
call    0 returned 1
------------------
_ZN32GetterTest_ConstAtException_Test8TestBodyEv:
function _ZN32GetterTest_ConstAtException_Test8TestBodyEv called 1 returned 100% blocks executed 45%
        1:   35:TEST(GetterTest, ConstAtException)
        -:   36:{
        1:   37:    CircularBuffer<int> a(500, 321);
        1:   37-block  0
call    0 returned 1
branch  1 taken 1 (fallthrough)
branch  2 taken 0 (throw)
    $$$$$:   37-block  1
       1*:   38:    EXPECT_ANY_THROW(a.at(-10));
        1:   38-block  0
call    0 returned 1
branch  1 taken 1 (fallthrough)
branch  2 taken 0 (throw)
        1:   38-block  1
branch  3 taken 1 (fallthrough)
branch  4 taken 0
        1:   38-block  2
call    5 returned 1
branch  6 taken 1 (fallthrough)
branch  7 taken 0 (throw)
        1:   38-block  3
branch  8 taken 1 (fallthrough)
branch  9 taken 0
        1:   38-block  4
call   10 returned 1
branch 11 taken 0 (fallthrough)
branch 12 taken 1 (throw)
        1:   38-block  5
branch 13 taken 0 (fallthrough)
branch 14 taken 1
    %%%%%:   38-block  6
    %%%%%:   38-block  7
call   15 never executed
branch 16 never executed (fallthrough)
branch 17 never executed (throw)
    %%%%%:   38-block  8
call   18 never executed
branch 19 never executed (fallthrough)
branch 20 never executed (throw)
    %%%%%:   38-block  9
call   21 never executed
branch 22 never executed (fallthrough)
branch 23 never executed (throw)
    %%%%%:   38-block 10
call   24 never executed
call   25 never executed
        1:   38-block 11
        1:   38-block 12
call   26 returned 1
call   27 returned 1
branch 28 taken 1 (fallthrough)
branch 29 taken 0 (throw)
    $$$$$:   38-block 13
call   30 never executed
    $$$$$:   38-block 14
    $$$$$:   38-block 15
call   31 never executed
    $$$$$:   38-block 16
        1:   39:}
        1:   39-block  0
call    0 returned 1
    $$$$$:   39-block  1
call    1 never executed
------------------
        -:   40:
        4:   41:TEST(GetterTest, GetFront)
        -:   42:{
        1:   43:    CircularBuffer<int> a(500, 321);
       1*:   44:    EXPECT_EQ(a.front(), 321);
        1:   45:}
------------------
_ZN24GetterTest_GetFront_TestC2Ev:
function _ZN24GetterTest_GetFront_TestC2Ev called 1 returned 100% blocks executed 100%
        1:   41:TEST(GetterTest, GetFront)
        1:   41-block  0
call    0 returned 1
------------------
_ZN24GetterTest_GetFront_TestD0Ev:
function _ZN24GetterTest_GetFront_TestD0Ev called 1 returned 100% blocks executed 100%
        1:   41:TEST(GetterTest, GetFront)
        1:   41-block  0
call    0 returned 1
call    1 returned 1
------------------
_ZN24GetterTest_GetFront_TestD2Ev:
function _ZN24GetterTest_GetFront_TestD2Ev called 1 returned 100% blocks executed 100%
        1:   41:TEST(GetterTest, GetFront)
        1:   41-block  0
call    0 returned 1
------------------
_ZN24GetterTest_GetFront_Test8TestBodyEv:
function _ZN24GetterTest_GetFront_Test8TestBodyEv called 1 returned 100% blocks executed 31%
        1:   41:TEST(GetterTest, GetFront)
        -:   42:{
        1:   43:    CircularBuffer<int> a(500, 321);
        1:   43-block  0
call    0 returned 1
branch  1 taken 1 (fallthrough)
branch  2 taken 0 (throw)
    $$$$$:   43-block  1
       1*:   44:    EXPECT_EQ(a.front(), 321);
        1:   44-block  0
call    0 returned 1
call    1 returned 1
branch  2 taken 1 (fallthrough)
branch  3 taken 0 (throw)
        1:   44-block  1
call    4 returned 1
branch  5 taken 0 (fallthrough)
branch  6 taken 1
    %%%%%:   44-block  2
call    7 never executed
branch  8 never executed (fallthrough)
branch  9 never executed (throw)
    %%%%%:   44-block  3
call   10 never executed
call   11 never executed
branch 12 never executed (fallthrough)
branch 13 never executed (throw)
    %%%%%:   44-block  4
call   14 never executed
branch 15 never executed (fallthrough)
branch 16 never executed (throw)
    %%%%%:   44-block  5
call   17 never executed
call   18 never executed
        1:   44-block  6
call   19 returned 1
    $$$$$:   44-block  7
    $$$$$:   44-block  8
call   20 never executed
    $$$$$:   44-block  9
    $$$$$:   44-block 10
call   21 never executed
    $$$$$:   44-block 11
    $$$$$:   44-block 12
call   22 never executed
        1:   45:}
call    0 returned 1
    $$$$$:   45-block  0
call    1 never executed
------------------
        -:   46:
        4:   47:TEST(GetterTest, GetConstFront)
        -:   48:{
        1:   49:    const CircularBuffer<int> a(500, 321);
       1*:   50:    EXPECT_EQ(a.front(), 321);
        1:   51:}
------------------
_ZN29GetterTest_GetConstFront_TestC2Ev:
function _ZN29GetterTest_GetConstFront_TestC2Ev called 1 returned 100% blocks executed 100%
        1:   47:TEST(GetterTest, GetConstFront)
        1:   47-block  0
call    0 returned 1
------------------
_ZN29GetterTest_GetConstFront_TestD0Ev:
function _ZN29GetterTest_GetConstFront_TestD0Ev called 1 returned 100% blocks executed 100%
        1:   47:TEST(GetterTest, GetConstFront)
        1:   47-block  0
call    0 returned 1
call    1 returned 1
------------------
_ZN29GetterTest_GetConstFront_TestD2Ev:
function _ZN29GetterTest_GetConstFront_TestD2Ev called 1 returned 100% blocks executed 100%
        1:   47:TEST(GetterTest, GetConstFront)
        1:   47-block  0
call    0 returned 1
------------------
_ZN29GetterTest_GetConstFront_Test8TestBodyEv:
function _ZN29GetterTest_GetConstFront_Test8TestBodyEv called 1 returned 100% blocks executed 31%
        1:   47:TEST(GetterTest, GetConstFront)
        -:   48:{
        1:   49:    const CircularBuffer<int> a(500, 321);
        1:   49-block  0
call    0 returned 1
branch  1 taken 1 (fallthrough)
branch  2 taken 0 (throw)
    $$$$$:   49-block  1
       1*:   50:    EXPECT_EQ(a.front(), 321);
        1:   50-block  0
call    0 returned 1
call    1 returned 1
branch  2 taken 1 (fallthrough)
branch  3 taken 0 (throw)
        1:   50-block  1
call    4 returned 1
branch  5 taken 0 (fallthrough)
branch  6 taken 1
    %%%%%:   50-block  2
call    7 never executed
branch  8 never executed (fallthrough)
branch  9 never executed (throw)
    %%%%%:   50-block  3
call   10 never executed
call   11 never executed
branch 12 never executed (fallthrough)
branch 13 never executed (throw)
    %%%%%:   50-block  4
call   14 never executed
branch 15 never executed (fallthrough)
branch 16 never executed (throw)
    %%%%%:   50-block  5
call   17 never executed
call   18 never executed
        1:   50-block  6
call   19 returned 1
    $$$$$:   50-block  7
    $$$$$:   50-block  8
call   20 never executed
    $$$$$:   50-block  9
    $$$$$:   50-block 10
call   21 never executed
    $$$$$:   50-block 11
    $$$$$:   50-block 12
call   22 never executed
        1:   51:}
call    0 returned 1
    $$$$$:   51-block  0
call    1 never executed
------------------
        -:   52:
        4:   53:TEST(GetterTest, GetBack)
        -:   54:{
        1:   55:    CircularBuffer<int> a(500, 321);
       1*:   56:    EXPECT_EQ(a.back(), 321);
        1:   57:}
------------------
_ZN23GetterTest_GetBack_TestC2Ev:
function _ZN23GetterTest_GetBack_TestC2Ev called 1 returned 100% blocks executed 100%
        1:   53:TEST(GetterTest, GetBack)
        1:   53-block  0
call    0 returned 1
------------------
_ZN23GetterTest_GetBack_TestD0Ev:
function _ZN23GetterTest_GetBack_TestD0Ev called 1 returned 100% blocks executed 100%
        1:   53:TEST(GetterTest, GetBack)
        1:   53-block  0
call    0 returned 1
call    1 returned 1
------------------
_ZN23GetterTest_GetBack_TestD2Ev:
function _ZN23GetterTest_GetBack_TestD2Ev called 1 returned 100% blocks executed 100%
        1:   53:TEST(GetterTest, GetBack)
        1:   53-block  0
call    0 returned 1
------------------
_ZN23GetterTest_GetBack_Test8TestBodyEv:
function _ZN23GetterTest_GetBack_Test8TestBodyEv called 1 returned 100% blocks executed 31%
        1:   53:TEST(GetterTest, GetBack)
        -:   54:{
        1:   55:    CircularBuffer<int> a(500, 321);
        1:   55-block  0
call    0 returned 1
branch  1 taken 1 (fallthrough)
branch  2 taken 0 (throw)
    $$$$$:   55-block  1
       1*:   56:    EXPECT_EQ(a.back(), 321);
        1:   56-block  0
call    0 returned 1
call    1 returned 1
branch  2 taken 1 (fallthrough)
branch  3 taken 0 (throw)
        1:   56-block  1
call    4 returned 1
branch  5 taken 0 (fallthrough)
branch  6 taken 1
    %%%%%:   56-block  2
call    7 never executed
branch  8 never executed (fallthrough)
branch  9 never executed (throw)
    %%%%%:   56-block  3
call   10 never executed
call   11 never executed
branch 12 never executed (fallthrough)
branch 13 never executed (throw)
    %%%%%:   56-block  4
call   14 never executed
branch 15 never executed (fallthrough)
branch 16 never executed (throw)
    %%%%%:   56-block  5
call   17 never executed
call   18 never executed
        1:   56-block  6
call   19 returned 1
    $$$$$:   56-block  7
    $$$$$:   56-block  8
call   20 never executed
    $$$$$:   56-block  9
    $$$$$:   56-block 10
call   21 never executed
    $$$$$:   56-block 11
    $$$$$:   56-block 12
call   22 never executed
        1:   57:}
call    0 returned 1
    $$$$$:   57-block  0
call    1 never executed
------------------
        -:   58:
        4:   59:TEST(GetterTest, GetConstBack)
        -:   60:{
        1:   61:    const CircularBuffer<int> a(500, 321);
       1*:   62:    EXPECT_EQ(a.back(), 321);
        1:   63:}
------------------
_ZN28GetterTest_GetConstBack_TestC2Ev:
function _ZN28GetterTest_GetConstBack_TestC2Ev called 1 returned 100% blocks executed 100%
        1:   59:TEST(GetterTest, GetConstBack)
        1:   59-block  0
call    0 returned 1
------------------
_ZN28GetterTest_GetConstBack_TestD0Ev:
function _ZN28GetterTest_GetConstBack_TestD0Ev called 1 returned 100% blocks executed 100%
        1:   59:TEST(GetterTest, GetConstBack)
        1:   59-block  0
call    0 returned 1
call    1 returned 1
------------------
_ZN28GetterTest_GetConstBack_TestD2Ev:
function _ZN28GetterTest_GetConstBack_TestD2Ev called 1 returned 100% blocks executed 100%
        1:   59:TEST(GetterTest, GetConstBack)
        1:   59-block  0
call    0 returned 1
------------------
_ZN28GetterTest_GetConstBack_Test8TestBodyEv:
function _ZN28GetterTest_GetConstBack_Test8TestBodyEv called 1 returned 100% blocks executed 31%
        1:   59:TEST(GetterTest, GetConstBack)
        -:   60:{
        1:   61:    const CircularBuffer<int> a(500, 321);
        1:   61-block  0
call    0 returned 1
branch  1 taken 1 (fallthrough)
branch  2 taken 0 (throw)
    $$$$$:   61-block  1
       1*:   62:    EXPECT_EQ(a.back(), 321);
        1:   62-block  0
call    0 returned 1
call    1 returned 1
branch  2 taken 1 (fallthrough)
branch  3 taken 0 (throw)
        1:   62-block  1
call    4 returned 1
branch  5 taken 0 (fallthrough)
branch  6 taken 1
    %%%%%:   62-block  2
call    7 never executed
branch  8 never executed (fallthrough)
branch  9 never executed (throw)
    %%%%%:   62-block  3
call   10 never executed
call   11 never executed
branch 12 never executed (fallthrough)
branch 13 never executed (throw)
    %%%%%:   62-block  4
call   14 never executed
branch 15 never executed (fallthrough)
branch 16 never executed (throw)
    %%%%%:   62-block  5
call   17 never executed
call   18 never executed
        1:   62-block  6
call   19 returned 1
    $$$$$:   62-block  7
    $$$$$:   62-block  8
call   20 never executed
    $$$$$:   62-block  9
    $$$$$:   62-block 10
call   21 never executed
    $$$$$:   62-block 11
    $$$$$:   62-block 12
call   22 never executed
        1:   63:}
call    0 returned 1
    $$$$$:   63-block  0
call    1 never executed
------------------
        -:   64:
        4:   65:TEST(GetterTest, GetSize)
        -:   66:{
        1:   67:    CircularBuffer<int> a(5);
        4:   68:    for (int i = 0; i < 3; i++)
        3:   69:        a.push_back(i+1);
       1*:   70:    EXPECT_EQ(a.size(), 3);
        1:   71:}
------------------
_ZN23GetterTest_GetSize_TestC2Ev:
function _ZN23GetterTest_GetSize_TestC2Ev called 1 returned 100% blocks executed 100%
        1:   65:TEST(GetterTest, GetSize)
        1:   65-block  0
call    0 returned 1
------------------
_ZN23GetterTest_GetSize_TestD0Ev:
function _ZN23GetterTest_GetSize_TestD0Ev called 1 returned 100% blocks executed 100%
        1:   65:TEST(GetterTest, GetSize)
        1:   65-block  0
call    0 returned 1
call    1 returned 1
------------------
_ZN23GetterTest_GetSize_TestD2Ev:
function _ZN23GetterTest_GetSize_TestD2Ev called 1 returned 100% blocks executed 100%
        1:   65:TEST(GetterTest, GetSize)
        1:   65-block  0
call    0 returned 1
------------------
_ZN23GetterTest_GetSize_Test8TestBodyEv:
function _ZN23GetterTest_GetSize_Test8TestBodyEv called 1 returned 100% blocks executed 38%
        1:   65:TEST(GetterTest, GetSize)
        -:   66:{
        1:   67:    CircularBuffer<int> a(5);
        1:   67-block  0
call    0 returned 1
branch  1 taken 1 (fallthrough)
branch  2 taken 0 (throw)
        4:   68:    for (int i = 0; i < 3; i++)
        1:   68-block  0
        4:   68-block  1
branch  0 taken 3
branch  1 taken 1 (fallthrough)
        3:   69:        a.push_back(i+1);
        3:   69-block  0
call    0 returned 3
branch  1 taken 3 (fallthrough)
branch  2 taken 0 (throw)
        3:   69-block  1
    $$$$$:   69-block  2
       1*:   70:    EXPECT_EQ(a.size(), 3);
        1:   70-block  0
call    0 returned 1
call    1 returned 1
branch  2 taken 1 (fallthrough)
branch  3 taken 0 (throw)
        1:   70-block  1
call    4 returned 1
branch  5 taken 0 (fallthrough)
branch  6 taken 1
    %%%%%:   70-block  2
call    7 never executed
branch  8 never executed (fallthrough)
branch  9 never executed (throw)
    %%%%%:   70-block  3
call   10 never executed
call   11 never executed
branch 12 never executed (fallthrough)
branch 13 never executed (throw)
    %%%%%:   70-block  4
call   14 never executed
branch 15 never executed (fallthrough)
branch 16 never executed (throw)
    %%%%%:   70-block  5
call   17 never executed
call   18 never executed
        1:   70-block  6
call   19 returned 1
    $$$$$:   70-block  7
    $$$$$:   70-block  8
    $$$$$:   70-block  9
call   20 never executed
    $$$$$:   70-block 10
    $$$$$:   70-block 11
call   21 never executed
    $$$$$:   70-block 12
    $$$$$:   70-block 13
call   22 never executed
        1:   71:}
call    0 returned 1
    $$$$$:   71-block  0
call    1 never executed
------------------
        -:   72:
        4:   73:TEST(GetterTest, Empty)
        -:   74:{
        1:   75:    CircularBuffer<int> a(5);
        4:   76:    for (int i = 0; i < 3; i++)
        3:   77:        a.push_back(i+1);
        4:   78:    for (int i = 0; i < 3; i++)
        3:   79:        a.pop_back();
       1*:   80:    EXPECT_TRUE(a.empty());
        1:   81:}
------------------
_ZN21GetterTest_Empty_TestC2Ev:
function _ZN21GetterTest_Empty_TestC2Ev called 1 returned 100% blocks executed 100%
        1:   73:TEST(GetterTest, Empty)
        1:   73-block  0
call    0 returned 1
------------------
_ZN21GetterTest_Empty_TestD0Ev:
function _ZN21GetterTest_Empty_TestD0Ev called 1 returned 100% blocks executed 100%
        1:   73:TEST(GetterTest, Empty)
        1:   73-block  0
call    0 returned 1
call    1 returned 1
------------------
_ZN21GetterTest_Empty_TestD2Ev:
function _ZN21GetterTest_Empty_TestD2Ev called 1 returned 100% blocks executed 100%
        1:   73:TEST(GetterTest, Empty)
        1:   73-block  0
call    0 returned 1
------------------
_ZN21GetterTest_Empty_Test8TestBodyEv:
function _ZN21GetterTest_Empty_Test8TestBodyEv called 1 returned 100% blocks executed 41%
        1:   73:TEST(GetterTest, Empty)
        -:   74:{
        1:   75:    CircularBuffer<int> a(5);
        1:   75-block  0
call    0 returned 1
branch  1 taken 1 (fallthrough)
branch  2 taken 0 (throw)
        4:   76:    for (int i = 0; i < 3; i++)
        1:   76-block  0
        4:   76-block  1
branch  0 taken 3
branch  1 taken 1 (fallthrough)
        3:   77:        a.push_back(i+1);
        3:   77-block  0
call    0 returned 3
branch  1 taken 3 (fallthrough)
branch  2 taken 0 (throw)
        3:   77-block  1
    $$$$$:   77-block  2
        4:   78:    for (int i = 0; i < 3; i++)
        1:   78-block  0
        4:   78-block  1
branch  0 taken 3
branch  1 taken 1 (fallthrough)
        3:   79:        a.pop_back();
        3:   79-block  0
call    0 returned 3
       1*:   80:    EXPECT_TRUE(a.empty());
        1:   80-block  0
call    0 returned 1
call    1 returned 1
call    2 returned 1
branch  3 taken 0 (fallthrough)
branch  4 taken 1
    %%%%%:   80-block  1
call    5 never executed
branch  6 never executed (fallthrough)
branch  7 never executed (throw)
    %%%%%:   80-block  2
call    8 never executed
branch  9 never executed (fallthrough)
branch 10 never executed (throw)
    %%%%%:   80-block  3
call   11 never executed
call   12 never executed
branch 13 never executed (fallthrough)
branch 14 never executed (throw)
    %%%%%:   80-block  4
call   15 never executed
branch 16 never executed (fallthrough)
branch 17 never executed (throw)
    %%%%%:   80-block  5
call   18 never executed
call   19 never executed
call   20 never executed
        1:   80-block  6
call   21 returned 1
    $$$$$:   80-block  7
call   22 never executed
    $$$$$:   80-block  8
call   23 never executed
    $$$$$:   80-block  9
    $$$$$:   80-block 10
    $$$$$:   80-block 11
call   24 never executed
    $$$$$:   80-block 12
    $$$$$:   80-block 13
call   25 never executed
        1:   81:}
call    0 returned 1
    $$$$$:   81-block  0
call    1 never executed
------------------
        -:   82:
        4:   83:TEST(GetterTest, Full)
        -:   84:{
        1:   85:    CircularBuffer<int> a(5);
        6:   86:    for (int i = 0; i < 5; i++)
        5:   87:        a.push_back(i+1);
       1*:   88:    EXPECT_TRUE(a.full());
        1:   89:}
------------------
_ZN20GetterTest_Full_TestC2Ev:
function _ZN20GetterTest_Full_TestC2Ev called 1 returned 100% blocks executed 100%
        1:   83:TEST(GetterTest, Full)
        1:   83-block  0
call    0 returned 1
------------------
_ZN20GetterTest_Full_TestD0Ev:
function _ZN20GetterTest_Full_TestD0Ev called 1 returned 100% blocks executed 100%
        1:   83:TEST(GetterTest, Full)
        1:   83-block  0
call    0 returned 1
call    1 returned 1
------------------
_ZN20GetterTest_Full_TestD2Ev:
function _ZN20GetterTest_Full_TestD2Ev called 1 returned 100% blocks executed 100%
        1:   83:TEST(GetterTest, Full)
        1:   83-block  0
call    0 returned 1
------------------
_ZN20GetterTest_Full_Test8TestBodyEv:
function _ZN20GetterTest_Full_Test8TestBodyEv called 1 returned 100% blocks executed 35%
        1:   83:TEST(GetterTest, Full)
        -:   84:{
        1:   85:    CircularBuffer<int> a(5);
        1:   85-block  0
call    0 returned 1
branch  1 taken 1 (fallthrough)
branch  2 taken 0 (throw)
        6:   86:    for (int i = 0; i < 5; i++)
        1:   86-block  0
        6:   86-block  1
branch  0 taken 5
branch  1 taken 1 (fallthrough)
        5:   87:        a.push_back(i+1);
        5:   87-block  0
call    0 returned 5
branch  1 taken 5 (fallthrough)
branch  2 taken 0 (throw)
        5:   87-block  1
    $$$$$:   87-block  2
       1*:   88:    EXPECT_TRUE(a.full());
        1:   88-block  0
call    0 returned 1
call    1 returned 1
call    2 returned 1
branch  3 taken 0 (fallthrough)
branch  4 taken 1
    %%%%%:   88-block  1
call    5 never executed
branch  6 never executed (fallthrough)
branch  7 never executed (throw)
    %%%%%:   88-block  2
call    8 never executed
branch  9 never executed (fallthrough)
branch 10 never executed (throw)
    %%%%%:   88-block  3
call   11 never executed
call   12 never executed
branch 13 never executed (fallthrough)
branch 14 never executed (throw)
    %%%%%:   88-block  4
call   15 never executed
branch 16 never executed (fallthrough)
branch 17 never executed (throw)
    %%%%%:   88-block  5
call   18 never executed
call   19 never executed
call   20 never executed
        1:   88-block  6
call   21 returned 1
    $$$$$:   88-block  7
call   22 never executed
    $$$$$:   88-block  8
call   23 never executed
    $$$$$:   88-block  9
    $$$$$:   88-block 10
    $$$$$:   88-block 11
call   24 never executed
    $$$$$:   88-block 12
    $$$$$:   88-block 13
call   25 never executed
        1:   89:}
call    0 returned 1
    $$$$$:   89-block  0
call    1 never executed
------------------
        -:   90:
        4:   91:TEST(GetterTest, Reserve)
        -:   92:{
        1:   93:    CircularBuffer<int> a(5);
        4:   94:    for (int i = 0; i < 3; i++)
        3:   95:        a.push_back(i+1);
       1*:   96:    EXPECT_EQ(a.reserve(), 2);
        1:   97:}
------------------
_ZN23GetterTest_Reserve_TestC2Ev:
function _ZN23GetterTest_Reserve_TestC2Ev called 1 returned 100% blocks executed 100%
        1:   91:TEST(GetterTest, Reserve)
        1:   91-block  0
call    0 returned 1
------------------
_ZN23GetterTest_Reserve_TestD0Ev:
function _ZN23GetterTest_Reserve_TestD0Ev called 1 returned 100% blocks executed 100%
        1:   91:TEST(GetterTest, Reserve)
        1:   91-block  0
call    0 returned 1
call    1 returned 1
------------------
_ZN23GetterTest_Reserve_TestD2Ev:
function _ZN23GetterTest_Reserve_TestD2Ev called 1 returned 100% blocks executed 100%
        1:   91:TEST(GetterTest, Reserve)
        1:   91-block  0
call    0 returned 1
------------------
_ZN23GetterTest_Reserve_Test8TestBodyEv:
function _ZN23GetterTest_Reserve_Test8TestBodyEv called 1 returned 100% blocks executed 38%
        1:   91:TEST(GetterTest, Reserve)
        -:   92:{
        1:   93:    CircularBuffer<int> a(5);
        1:   93-block  0
call    0 returned 1
branch  1 taken 1 (fallthrough)
branch  2 taken 0 (throw)
        4:   94:    for (int i = 0; i < 3; i++)
        1:   94-block  0
        4:   94-block  1
branch  0 taken 3
branch  1 taken 1 (fallthrough)
        3:   95:        a.push_back(i+1);
        3:   95-block  0
call    0 returned 3
branch  1 taken 3 (fallthrough)
branch  2 taken 0 (throw)
        3:   95-block  1
    $$$$$:   95-block  2
       1*:   96:    EXPECT_EQ(a.reserve(), 2);
        1:   96-block  0
call    0 returned 1
call    1 returned 1
branch  2 taken 1 (fallthrough)
branch  3 taken 0 (throw)
        1:   96-block  1
call    4 returned 1
branch  5 taken 0 (fallthrough)
branch  6 taken 1
    %%%%%:   96-block  2
call    7 never executed
branch  8 never executed (fallthrough)
branch  9 never executed (throw)
    %%%%%:   96-block  3
call   10 never executed
call   11 never executed
branch 12 never executed (fallthrough)
branch 13 never executed (throw)
    %%%%%:   96-block  4
call   14 never executed
branch 15 never executed (fallthrough)
branch 16 never executed (throw)
    %%%%%:   96-block  5
call   17 never executed
call   18 never executed
        1:   96-block  6
call   19 returned 1
    $$$$$:   96-block  7
    $$$$$:   96-block  8
    $$$$$:   96-block  9
call   20 never executed
    $$$$$:   96-block 10
    $$$$$:   96-block 11
call   21 never executed
    $$$$$:   96-block 12
    $$$$$:   96-block 13
call   22 never executed
        1:   97:}
call    0 returned 1
    $$$$$:   97-block  0
call    1 never executed
------------------
        -:   98:
        4:   99:TEST(GetterTest, Capacity)
        -:  100:{
        1:  101:    CircularBuffer<int> a(5);
       1*:  102:    EXPECT_EQ(a.capacity(), 5);
        1:  103:}
------------------
_ZN24GetterTest_Capacity_TestC2Ev:
function _ZN24GetterTest_Capacity_TestC2Ev called 1 returned 100% blocks executed 100%
        1:   99:TEST(GetterTest, Capacity)
        1:   99-block  0
call    0 returned 1
------------------
_ZN24GetterTest_Capacity_TestD0Ev:
function _ZN24GetterTest_Capacity_TestD0Ev called 1 returned 100% blocks executed 100%
        1:   99:TEST(GetterTest, Capacity)
        1:   99-block  0
call    0 returned 1
call    1 returned 1
------------------
_ZN24GetterTest_Capacity_TestD2Ev:
function _ZN24GetterTest_Capacity_TestD2Ev called 1 returned 100% blocks executed 100%
        1:   99:TEST(GetterTest, Capacity)
        1:   99-block  0
call    0 returned 1
------------------
_ZN24GetterTest_Capacity_Test8TestBodyEv:
function _ZN24GetterTest_Capacity_Test8TestBodyEv called 1 returned 100% blocks executed 31%
        1:   99:TEST(GetterTest, Capacity)
        -:  100:{
        1:  101:    CircularBuffer<int> a(5);
        1:  101-block  0
call    0 returned 1
branch  1 taken 1 (fallthrough)
branch  2 taken 0 (throw)
       1*:  102:    EXPECT_EQ(a.capacity(), 5);
        1:  102-block  0
call    0 returned 1
call    1 returned 1
branch  2 taken 1 (fallthrough)
branch  3 taken 0 (throw)
        1:  102-block  1
call    4 returned 1
branch  5 taken 0 (fallthrough)
branch  6 taken 1
    %%%%%:  102-block  2
call    7 never executed
branch  8 never executed (fallthrough)
branch  9 never executed (throw)
    %%%%%:  102-block  3
call   10 never executed
call   11 never executed
branch 12 never executed (fallthrough)
branch 13 never executed (throw)
    %%%%%:  102-block  4
call   14 never executed
branch 15 never executed (fallthrough)
branch 16 never executed (throw)
    %%%%%:  102-block  5
call   17 never executed
call   18 never executed
        1:  102-block  6
call   19 returned 1
    $$$$$:  102-block  7
    $$$$$:  102-block  8
    $$$$$:  102-block  9
call   20 never executed
    $$$$$:  102-block 10
    $$$$$:  102-block 11
call   21 never executed
    $$$$$:  102-block 12
    $$$$$:  102-block 13
call   22 never executed
        1:  103:}
call    0 returned 1
    $$$$$:  103-block  0
call    1 never executed
------------------
