        -:    0:Source:/usr/include/c++/13/bits/move.h
        -:    0:Graph:/home/drmbx/CLionProjects/OOP/CircularBuffer/cmake-build-debug-coverage/test/lib/googletest/CMakeFiles/gtest.dir/src/gtest-all.cc.gcno
        -:    0:Data:/home/drmbx/CLionProjects/OOP/CircularBuffer/cmake-build-debug-coverage/test/lib/googletest/CMakeFiles/gtest.dir/src/gtest-all.cc.gcda
        -:    0:Runs:1
        -:    1:// Move, forward and identity for C++11 + swap -*- C++ -*-
        -:    2:
        -:    3:// Copyright (C) 2007-2023 Free Software Foundation, Inc.
        -:    4://
        -:    5:// This file is part of the GNU ISO C++ Library.  This library is free
        -:    6:// software; you can redistribute it and/or modify it under the
        -:    7:// terms of the GNU General Public License as published by the
        -:    8:// Free Software Foundation; either version 3, or (at your option)
        -:    9:// any later version.
        -:   10:
        -:   11:// This library is distributed in the hope that it will be useful,
        -:   12:// but WITHOUT ANY WARRANTY; without even the implied warranty of
        -:   13:// MERCHANTABILITY or FITNESS FOR A PARTICULAR PURPOSE.  See the
        -:   14:// GNU General Public License for more details.
        -:   15:
        -:   16:// Under Section 7 of GPL version 3, you are granted additional
        -:   17:// permissions described in the GCC Runtime Library Exception, version
        -:   18:// 3.1, as published by the Free Software Foundation.
        -:   19:
        -:   20:// You should have received a copy of the GNU General Public License and
        -:   21:// a copy of the GCC Runtime Library Exception along with this program;
        -:   22:// see the files COPYING3 and COPYING.RUNTIME respectively.  If not, see
        -:   23:// <http://www.gnu.org/licenses/>.
        -:   24:
        -:   25:/** @file bits/move.h
        -:   26: *  This is an internal header file, included by other library headers.
        -:   27: *  Do not attempt to use it directly. @headername{utility}
        -:   28: */
        -:   29:
        -:   30:#ifndef _MOVE_H
        -:   31:#define _MOVE_H 1
        -:   32:
        -:   33:#include <bits/c++config.h>
        -:   34:#if __cplusplus < 201103L
        -:   35:# include <bits/concept_check.h>
        -:   36:#else
        -:   37:# include <type_traits> // Brings in std::declval too.
        -:   38:#endif
        -:   39:
        -:   40:namespace std _GLIBCXX_VISIBILITY(default)
        -:   41:{
        -:   42:_GLIBCXX_BEGIN_NAMESPACE_VERSION
        -:   43:
        -:   44:  // Used, in C++03 mode too, by allocators, etc.
        -:   45:  /**
        -:   46:   *  @brief Same as C++11 std::addressof
        -:   47:   *  @ingroup utilities
        -:   48:   */
        -:   49:  template<typename _Tp>
        -:   50:    inline _GLIBCXX_CONSTEXPR _Tp*
     772*:   51:    __addressof(_Tp& __r) _GLIBCXX_NOEXCEPT
     772*:   52:    { return __builtin_addressof(__r); }
------------------
_ZSt11__addressofISt6vectorIdSaIdEEEPT_RS3_:
function _ZSt11__addressofISt6vectorIdSaIdEEEPT_RS3_ called 0 returned 0% blocks executed 0%
    #####:   51:    __addressof(_Tp& __r) _GLIBCXX_NOEXCEPT
    #####:   52:    { return __builtin_addressof(__r); }
    %%%%%:   52-block  0
------------------
_ZSt11__addressofIcEPT_RS0_:
function _ZSt11__addressofIcEPT_RS0_ called 0 returned 0% blocks executed 0%
    #####:   51:    __addressof(_Tp& __r) _GLIBCXX_NOEXCEPT
    #####:   52:    { return __builtin_addressof(__r); }
    %%%%%:   52-block  0
------------------
_ZSt11__addressofINSt7__cxx1112basic_stringIcSt11char_traitsIcESaIcEEEEPT_RS6_:
function _ZSt11__addressofINSt7__cxx1112basic_stringIcSt11char_traitsIcESaIcEEEEPT_RS6_ called 94 returned 100% blocks executed 100%
       94:   51:    __addressof(_Tp& __r) _GLIBCXX_NOEXCEPT
       94:   52:    { return __builtin_addressof(__r); }
       94:   52-block  0
------------------
_ZSt11__addressofIiEPT_RS0_:
function _ZSt11__addressofIiEPT_RS0_ called 0 returned 0% blocks executed 0%
    #####:   51:    __addressof(_Tp& __r) _GLIBCXX_NOEXCEPT
    #####:   52:    { return __builtin_addressof(__r); }
    %%%%%:   52-block  0
------------------
_ZSt11__addressofISt6vectorINSt7__cxx1112basic_stringIcSt11char_traitsIcESaIcEEESaIS6_EEEPT_RS9_:
function _ZSt11__addressofISt6vectorINSt7__cxx1112basic_stringIcSt11char_traitsIcESaIcEEESaIS6_EEEPT_RS9_ called 7 returned 100% blocks executed 100%
        7:   51:    __addressof(_Tp& __r) _GLIBCXX_NOEXCEPT
        7:   52:    { return __builtin_addressof(__r); }
        7:   52-block  0
------------------
_ZSt11__addressofISt13unordered_setINSt7__cxx1112basic_stringIcSt11char_traitsIcESaIcEEESt4hashIS6_ESt8equal_toIS6_ESaIS6_EEEPT_RSD_:
function _ZSt11__addressofISt13unordered_setINSt7__cxx1112basic_stringIcSt11char_traitsIcESaIcEEESt4hashIS6_ESt8equal_toIS6_ESaIS6_EEEPT_RSD_ called 7 returned 100% blocks executed 100%
        7:   51:    __addressof(_Tp& __r) _GLIBCXX_NOEXCEPT
        7:   52:    { return __builtin_addressof(__r); }
        7:   52-block  0
------------------
_ZSt11__addressofISt10_HashtableINSt7__cxx1112basic_stringIcSt11char_traitsIcESaIcEEES6_SaIS6_ENSt8__detail9_IdentityESt8equal_toIS6_ESt4hashIS6_ENS8_18_Mod_range_hashingENS8_20_Default_ranged_hashENS8_20_Prime_rehash_policyENS8_17_Hashtable_traitsILb1ELb1ELb1EEEEEPT_RSK_:
function _ZSt11__addressofISt10_HashtableINSt7__cxx1112basic_stringIcSt11char_traitsIcESaIcEEES6_SaIS6_ENSt8__detail9_IdentityESt8equal_toIS6_ESt4hashIS6_ENS8_18_Mod_range_hashingENS8_20_Default_ranged_hashENS8_20_Prime_rehash_policyENS8_17_Hashtable_traitsILb1ELb1ELb1EEEEEPT_RSK_ called 1 returned 100% blocks executed 100%
        1:   51:    __addressof(_Tp& __r) _GLIBCXX_NOEXCEPT
        1:   52:    { return __builtin_addressof(__r); }
        1:   52-block  0
------------------
_ZSt11__addressofIKNSt7__cxx1112basic_stringIcSt11char_traitsIcESaIcEEEEPT_RS7_:
function _ZSt11__addressofIKNSt7__cxx1112basic_stringIcSt11char_traitsIcESaIcEEEEPT_RS7_ called 663 returned 100% blocks executed 100%
      663:   51:    __addressof(_Tp& __r) _GLIBCXX_NOEXCEPT
      663:   52:    { return __builtin_addressof(__r); }
      663:   52-block  0
------------------
_ZSt11__addressofIPN7testing9TestSuiteEEPT_RS3_:
function _ZSt11__addressofIPN7testing9TestSuiteEEPT_RS3_ called 0 returned 0% blocks executed 0%
    #####:   51:    __addressof(_Tp& __r) _GLIBCXX_NOEXCEPT
    #####:   52:    { return __builtin_addressof(__r); }
    %%%%%:   52-block  0
------------------
_ZSt11__addressofIwEPT_RS0_:
function _ZSt11__addressofIwEPT_RS0_ called 0 returned 0% blocks executed 0%
    #####:   51:    __addressof(_Tp& __r) _GLIBCXX_NOEXCEPT
    #####:   52:    { return __builtin_addressof(__r); }
    %%%%%:   52-block  0
------------------
_ZSt11__addressofIPN7testing8internal30ParameterizedTestSuiteInfoBaseEEPT_RS4_:
function _ZSt11__addressofIPN7testing8internal30ParameterizedTestSuiteInfoBaseEEPT_RS4_ called 0 returned 0% blocks executed 0%
    #####:   51:    __addressof(_Tp& __r) _GLIBCXX_NOEXCEPT
    #####:   52:    { return __builtin_addressof(__r); }
    %%%%%:   52-block  0
------------------
_ZSt11__addressofImEPT_RS0_:
function _ZSt11__addressofImEPT_RS0_ called 0 returned 0% blocks executed 0%
    #####:   51:    __addressof(_Tp& __r) _GLIBCXX_NOEXCEPT
    #####:   52:    { return __builtin_addressof(__r); }
    %%%%%:   52-block  0
------------------
_ZSt11__addressofIdEPT_RS0_:
function _ZSt11__addressofIdEPT_RS0_ called 0 returned 0% blocks executed 0%
    #####:   51:    __addressof(_Tp& __r) _GLIBCXX_NOEXCEPT
    #####:   52:    { return __builtin_addressof(__r); }
    %%%%%:   52-block  0
------------------
_ZSt11__addressofINSt8__detail10_Hash_nodeINSt7__cxx1112basic_stringIcSt11char_traitsIcESaIcEEELb1EEEEPT_RS9_:
function _ZSt11__addressofINSt8__detail10_Hash_nodeINSt7__cxx1112basic_stringIcSt11char_traitsIcESaIcEEELb1EEEEPT_RS9_ called 0 returned 0% blocks executed 0%
    #####:   51:    __addressof(_Tp& __r) _GLIBCXX_NOEXCEPT
    #####:   52:    { return __builtin_addressof(__r); }
    %%%%%:   52-block  0
------------------
_ZSt11__addressofIN7testing8internal13edit_distance8EditTypeEEPT_RS4_:
function _ZSt11__addressofIN7testing8internal13edit_distance8EditTypeEEPT_RS4_ called 0 returned 0% blocks executed 0%
    #####:   51:    __addressof(_Tp& __r) _GLIBCXX_NOEXCEPT
    #####:   52:    { return __builtin_addressof(__r); }
    %%%%%:   52-block  0
------------------
_ZSt11__addressofISt6vectorIN7testing8internal13edit_distance8EditTypeESaIS4_EEEPT_RS7_:
function _ZSt11__addressofISt6vectorIN7testing8internal13edit_distance8EditTypeESaIS4_EEEPT_RS7_ called 0 returned 0% blocks executed 0%
    #####:   51:    __addressof(_Tp& __r) _GLIBCXX_NOEXCEPT
    #####:   52:    { return __builtin_addressof(__r); }
    %%%%%:   52-block  0
------------------
_ZSt11__addressofISaISt10_List_nodeISt4pairIcPKcEEEEPT_RS7_:
function _ZSt11__addressofISaISt10_List_nodeISt4pairIcPKcEEEEPT_RS7_ called 0 returned 0% blocks executed 0%
    #####:   51:    __addressof(_Tp& __r) _GLIBCXX_NOEXCEPT
    #####:   52:    { return __builtin_addressof(__r); }
    %%%%%:   52-block  0
------------------
_ZSt11__addressofIN7testing14TestPartResultEEPT_RS2_:
function _ZSt11__addressofIN7testing14TestPartResultEEPT_RS2_ called 0 returned 0% blocks executed 0%
    #####:   51:    __addressof(_Tp& __r) _GLIBCXX_NOEXCEPT
    #####:   52:    { return __builtin_addressof(__r); }
    %%%%%:   52-block  0
------------------
_ZSt11__addressofIN7testing12TestPropertyEEPT_RS2_:
function _ZSt11__addressofIN7testing12TestPropertyEEPT_RS2_ called 0 returned 0% blocks executed 0%
    #####:   51:    __addressof(_Tp& __r) _GLIBCXX_NOEXCEPT
    #####:   52:    { return __builtin_addressof(__r); }
    %%%%%:   52-block  0
------------------
_ZSt11__addressofIPN7testing8TestInfoEEPT_RS3_:
function _ZSt11__addressofIPN7testing8TestInfoEEPT_RS3_ called 0 returned 0% blocks executed 0%
    #####:   51:    __addressof(_Tp& __r) _GLIBCXX_NOEXCEPT
    #####:   52:    { return __builtin_addressof(__r); }
    %%%%%:   52-block  0
------------------
_ZSt11__addressofIPN7testing17TestEventListenerEEPT_RS3_:
function _ZSt11__addressofIPN7testing17TestEventListenerEEPT_RS3_ called 0 returned 0% blocks executed 0%
    #####:   51:    __addressof(_Tp& __r) _GLIBCXX_NOEXCEPT
    #####:   52:    { return __builtin_addressof(__r); }
    %%%%%:   52-block  0
------------------
_ZSt11__addressofIPN7testing11EnvironmentEEPT_RS3_:
function _ZSt11__addressofIPN7testing11EnvironmentEEPT_RS3_ called 0 returned 0% blocks executed 0%
    #####:   51:    __addressof(_Tp& __r) _GLIBCXX_NOEXCEPT
    #####:   52:    { return __builtin_addressof(__r); }
    %%%%%:   52-block  0
------------------
_ZSt11__addressofIKcEPT_RS1_:
function _ZSt11__addressofIKcEPT_RS1_ called 0 returned 0% blocks executed 0%
    #####:   51:    __addressof(_Tp& __r) _GLIBCXX_NOEXCEPT
    #####:   52:    { return __builtin_addressof(__r); }
    %%%%%:   52-block  0
------------------
_ZSt11__addressofIN7testing8internal9TraceInfoEEPT_RS3_:
function _ZSt11__addressofIN7testing8internal9TraceInfoEEPT_RS3_ called 0 returned 0% blocks executed 0%
    #####:   51:    __addressof(_Tp& __r) _GLIBCXX_NOEXCEPT
    #####:   52:    { return __builtin_addressof(__r); }
    %%%%%:   52-block  0
------------------
_ZSt11__addressofIKwEPT_RS1_:
function _ZSt11__addressofIKwEPT_RS1_ called 0 returned 0% blocks executed 0%
    #####:   51:    __addressof(_Tp& __r) _GLIBCXX_NOEXCEPT
    #####:   52:    { return __builtin_addressof(__r); }
    %%%%%:   52-block  0
------------------
_ZSt11__addressofIPNSt8__detail15_Hash_node_baseEEPT_RS3_:
function _ZSt11__addressofIPNSt8__detail15_Hash_node_baseEEPT_RS3_ called 0 returned 0% blocks executed 0%
    #####:   51:    __addressof(_Tp& __r) _GLIBCXX_NOEXCEPT
    #####:   52:    { return __builtin_addressof(__r); }
    %%%%%:   52-block  0
------------------
        -:   53:
        -:   54:#if __cplusplus >= 201103L
        -:   55:
        -:   56:  /**
        -:   57:   *  @addtogroup utilities
        -:   58:   *  @{
        -:   59:   */
        -:   60:
        -:   61:  /**
        -:   62:   *  @brief  Forward an lvalue.
        -:   63:   *  @return The parameter cast to the specified type.
        -:   64:   *
        -:   65:   *  This function is used to implement "perfect forwarding".
        -:   66:   */
        -:   67:  template<typename _Tp>
        -:   68:    _GLIBCXX_NODISCARD
        -:   69:    constexpr _Tp&&
     476*:   70:    forward(typename std::remove_reference<_Tp>::type& __t) noexcept
     476*:   71:    { return static_cast<_Tp&&>(__t); }
------------------
_ZSt7forwardIRKN7testing14TestPartResultEEOT_RNSt16remove_referenceIS4_E4typeE:
function _ZSt7forwardIRKN7testing14TestPartResultEEOT_RNSt16remove_referenceIS4_E4typeE called 0 returned 0% blocks executed 0%
    #####:   70:    forward(typename std::remove_reference<_Tp>::type& __t) noexcept
    #####:   71:    { return static_cast<_Tp&&>(__t); }
    %%%%%:   71-block  0
------------------
_ZSt7forwardIRKPN7testing11EnvironmentEEOT_RNSt16remove_referenceIS5_E4typeE:
function _ZSt7forwardIRKPN7testing11EnvironmentEEOT_RNSt16remove_referenceIS5_E4typeE called 0 returned 0% blocks executed 0%
    #####:   70:    forward(typename std::remove_reference<_Tp>::type& __t) noexcept
    #####:   71:    { return static_cast<_Tp&&>(__t); }
    %%%%%:   71-block  0
------------------
_ZSt7forwardIRKPN7testing17TestEventListenerEEOT_RNSt16remove_referenceIS5_E4typeE:
function _ZSt7forwardIRKPN7testing17TestEventListenerEEOT_RNSt16remove_referenceIS5_E4typeE called 3 returned 100% blocks executed 100%
        3:   70:    forward(typename std::remove_reference<_Tp>::type& __t) noexcept
        3:   71:    { return static_cast<_Tp&&>(__t); }
        3:   71-block  0
------------------
_ZSt7forwardIRKPN7testing8TestInfoEEOT_RNSt16remove_referenceIS5_E4typeE:
function _ZSt7forwardIRKPN7testing8TestInfoEEOT_RNSt16remove_referenceIS5_E4typeE called 130 returned 100% blocks executed 100%
      130:   70:    forward(typename std::remove_reference<_Tp>::type& __t) noexcept
      130:   71:    { return static_cast<_Tp&&>(__t); }
      130:   71-block  0
------------------
_ZSt7forwardIRKN7testing12TestPropertyEEOT_RNSt16remove_referenceIS4_E4typeE:
function _ZSt7forwardIRKN7testing12TestPropertyEEOT_RNSt16remove_referenceIS4_E4typeE called 0 returned 0% blocks executed 0%
    #####:   70:    forward(typename std::remove_reference<_Tp>::type& __t) noexcept
    #####:   71:    { return static_cast<_Tp&&>(__t); }
    %%%%%:   71-block  0
------------------
_ZSt7forwardISt4pairIcPKcEEOT_RNSt16remove_referenceIS4_E4typeE:
function _ZSt7forwardISt4pairIcPKcEEOT_RNSt16remove_referenceIS4_E4typeE called 0 returned 0% blocks executed 0%
    #####:   70:    forward(typename std::remove_reference<_Tp>::type& __t) noexcept
    #####:   71:    { return static_cast<_Tp&&>(__t); }
    %%%%%:   71-block  0
------------------
_ZSt7forwardISt5tupleIJEEEOT_RNSt16remove_referenceIS2_E4typeE:
function _ZSt7forwardISt5tupleIJEEEOT_RNSt16remove_referenceIS2_E4typeE called 0 returned 0% blocks executed 0%
    #####:   70:    forward(typename std::remove_reference<_Tp>::type& __t) noexcept
    #####:   71:    { return static_cast<_Tp&&>(__t); }
    %%%%%:   71-block  0
------------------
_ZSt7forwardISt5tupleIJRKNSt7__cxx1112basic_stringIcSt11char_traitsIcESaIcEEEEEEOT_RNSt16remove_referenceISA_E4typeE:
function _ZSt7forwardISt5tupleIJRKNSt7__cxx1112basic_stringIcSt11char_traitsIcESaIcEEEEEEOT_RNSt16remove_referenceISA_E4typeE called 0 returned 0% blocks executed 0%
    #####:   70:    forward(typename std::remove_reference<_Tp>::type& __t) noexcept
    #####:   71:    { return static_cast<_Tp&&>(__t); }
    %%%%%:   71-block  0
------------------
_ZSt7forwardIRKSt21piecewise_construct_tEOT_RNSt16remove_referenceIS3_E4typeE:
function _ZSt7forwardIRKSt21piecewise_construct_tEOT_RNSt16remove_referenceIS3_E4typeE called 0 returned 0% blocks executed 0%
    #####:   70:    forward(typename std::remove_reference<_Tp>::type& __t) noexcept
    #####:   71:    { return static_cast<_Tp&&>(__t); }
    %%%%%:   71-block  0
------------------
_ZSt7forwardIRKN7testing8internal13edit_distance8EditTypeEEOT_RNSt16remove_referenceIS6_E4typeE:
function _ZSt7forwardIRKN7testing8internal13edit_distance8EditTypeEEOT_RNSt16remove_referenceIS6_E4typeE called 0 returned 0% blocks executed 0%
    #####:   70:    forward(typename std::remove_reference<_Tp>::type& __t) noexcept
    #####:   71:    { return static_cast<_Tp&&>(__t); }
    %%%%%:   71-block  0
------------------
_ZSt7forwardIRSt17_Rb_tree_iteratorISt4pairIKNSt7__cxx1112basic_stringIcSt11char_traitsIcESaIcEEEN7testing8internal34TypeParameterizedTestSuiteRegistry30TypeParameterizedTestSuiteInfoEEEEOT_RNSt16remove_referenceISG_E4typeE:
function _ZSt7forwardIRSt17_Rb_tree_iteratorISt4pairIKNSt7__cxx1112basic_stringIcSt11char_traitsIcESaIcEEEN7testing8internal34TypeParameterizedTestSuiteRegistry30TypeParameterizedTestSuiteInfoEEEEOT_RNSt16remove_referenceISG_E4typeE called 0 returned 0% blocks executed 0%
    #####:   70:    forward(typename std::remove_reference<_Tp>::type& __t) noexcept
    #####:   71:    { return static_cast<_Tp&&>(__t); }
    %%%%%:   71-block  0
------------------
_ZSt7forwardIRN7testing8internal34TypeParameterizedTestSuiteRegistry30TypeParameterizedTestSuiteInfoEEOT_RNSt16remove_referenceIS5_E4typeE:
function _ZSt7forwardIRN7testing8internal34TypeParameterizedTestSuiteRegistry30TypeParameterizedTestSuiteInfoEEOT_RNSt16remove_referenceIS5_E4typeE called 0 returned 0% blocks executed 0%
    #####:   70:    forward(typename std::remove_reference<_Tp>::type& __t) noexcept
    #####:   71:    { return static_cast<_Tp&&>(__t); }
    %%%%%:   71-block  0
------------------
_ZSt7forwardIRNSt7__cxx1112basic_stringIcSt11char_traitsIcESaIcEEEEOT_RNSt16remove_referenceIS7_E4typeE:
function _ZSt7forwardIRNSt7__cxx1112basic_stringIcSt11char_traitsIcESaIcEEEEOT_RNSt16remove_referenceIS7_E4typeE called 0 returned 0% blocks executed 0%
    #####:   70:    forward(typename std::remove_reference<_Tp>::type& __t) noexcept
    #####:   71:    { return static_cast<_Tp&&>(__t); }
    %%%%%:   71-block  0
------------------
_ZSt7forwardIRbEOT_RNSt16remove_referenceIS1_E4typeE:
function _ZSt7forwardIRbEOT_RNSt16remove_referenceIS1_E4typeE called 0 returned 0% blocks executed 0%
    #####:   70:    forward(typename std::remove_reference<_Tp>::type& __t) noexcept
    #####:   71:    { return static_cast<_Tp&&>(__t); }
    %%%%%:   71-block  0
------------------
_ZSt7forwardIRSt17_Rb_tree_iteratorINSt7__cxx1112basic_stringIcSt11char_traitsIcESaIcEEEEEOT_RNSt16remove_referenceIS9_E4typeE:
function _ZSt7forwardIRSt17_Rb_tree_iteratorINSt7__cxx1112basic_stringIcSt11char_traitsIcESaIcEEEEEOT_RNSt16remove_referenceIS9_E4typeE called 0 returned 0% blocks executed 0%
    #####:   70:    forward(typename std::remove_reference<_Tp>::type& __t) noexcept
    #####:   71:    { return static_cast<_Tp&&>(__t); }
    %%%%%:   71-block  0
------------------
_ZSt7forwardIRKN7testing8internal9TraceInfoEEOT_RNSt16remove_referenceIS5_E4typeE:
function _ZSt7forwardIRKN7testing8internal9TraceInfoEEOT_RNSt16remove_referenceIS5_E4typeE called 0 returned 0% blocks executed 0%
    #####:   70:    forward(typename std::remove_reference<_Tp>::type& __t) noexcept
    #####:   71:    { return static_cast<_Tp&&>(__t); }
    %%%%%:   71-block  0
------------------
_ZSt7forwardIRKNSt7__cxx1112basic_stringIcSt11char_traitsIcESaIcEEEEOT_RNSt16remove_referenceIS8_E4typeE:
function _ZSt7forwardIRKNSt7__cxx1112basic_stringIcSt11char_traitsIcESaIcEEEEOT_RNSt16remove_referenceIS8_E4typeE called 3 returned 100% blocks executed 100%
        3:   70:    forward(typename std::remove_reference<_Tp>::type& __t) noexcept
        3:   71:    { return static_cast<_Tp&&>(__t); }
        3:   71-block  0
------------------
_ZSt7forwardIRcEOT_RNSt16remove_referenceIS1_E4typeE:
function _ZSt7forwardIRcEOT_RNSt16remove_referenceIS1_E4typeE called 0 returned 0% blocks executed 0%
    #####:   70:    forward(typename std::remove_reference<_Tp>::type& __t) noexcept
    #####:   71:    { return static_cast<_Tp&&>(__t); }
    %%%%%:   71-block  0
------------------
_ZSt7forwardIcEOT_RNSt16remove_referenceIS0_E4typeE:
function _ZSt7forwardIcEOT_RNSt16remove_referenceIS0_E4typeE called 0 returned 0% blocks executed 0%
    #####:   70:    forward(typename std::remove_reference<_Tp>::type& __t) noexcept
    #####:   71:    { return static_cast<_Tp&&>(__t); }
    %%%%%:   71-block  0
------------------
_ZSt7forwardIN7testing8internal34TypeParameterizedTestSuiteRegistry30TypeParameterizedTestSuiteInfoEEOT_RNSt16remove_referenceIS4_E4typeE:
function _ZSt7forwardIN7testing8internal34TypeParameterizedTestSuiteRegistry30TypeParameterizedTestSuiteInfoEEOT_RNSt16remove_referenceIS4_E4typeE called 0 returned 0% blocks executed 0%
    #####:   70:    forward(typename std::remove_reference<_Tp>::type& __t) noexcept
    #####:   71:    { return static_cast<_Tp&&>(__t); }
    %%%%%:   71-block  0
------------------
_ZSt7forwardINSt7__cxx1112basic_stringIcSt11char_traitsIcESaIcEEEEOT_RNSt16remove_referenceIS6_E4typeE:
function _ZSt7forwardINSt7__cxx1112basic_stringIcSt11char_traitsIcESaIcEEEEOT_RNSt16remove_referenceIS6_E4typeE called 112 returned 100% blocks executed 100%
      112:   70:    forward(typename std::remove_reference<_Tp>::type& __t) noexcept
      112:   71:    { return static_cast<_Tp&&>(__t); }
      112:   71-block  0
------------------
_ZSt7forwardIN7testing8internal9EqMatcherINSt7__cxx1112basic_stringIcSt11char_traitsIcESaIcEEEEEEOT_RNSt16remove_referenceISA_E4typeE:
function _ZSt7forwardIN7testing8internal9EqMatcherINSt7__cxx1112basic_stringIcSt11char_traitsIcESaIcEEEEEEOT_RNSt16remove_referenceISA_E4typeE called 0 returned 0% blocks executed 0%
    #####:   70:    forward(typename std::remove_reference<_Tp>::type& __t) noexcept
    #####:   71:    { return static_cast<_Tp&&>(__t); }
    %%%%%:   71-block  0
------------------
_ZSt7forwardIRPKcEOT_RNSt16remove_referenceIS3_E4typeE:
function _ZSt7forwardIRPKcEOT_RNSt16remove_referenceIS3_E4typeE called 0 returned 0% blocks executed 0%
    #####:   70:    forward(typename std::remove_reference<_Tp>::type& __t) noexcept
    #####:   71:    { return static_cast<_Tp&&>(__t); }
    %%%%%:   71-block  0
------------------
_ZSt7forwardIiEOT_RNSt16remove_referenceIS0_E4typeE:
function _ZSt7forwardIiEOT_RNSt16remove_referenceIS0_E4typeE called 204 returned 100% blocks executed 100%
      204:   70:    forward(typename std::remove_reference<_Tp>::type& __t) noexcept
      204:   71:    { return static_cast<_Tp&&>(__t); }
      204:   71-block  0
------------------
_ZSt7forwardImEOT_RNSt16remove_referenceIS0_E4typeE:
function _ZSt7forwardImEOT_RNSt16remove_referenceIS0_E4typeE called 0 returned 0% blocks executed 0%
    #####:   70:    forward(typename std::remove_reference<_Tp>::type& __t) noexcept
    #####:   71:    { return static_cast<_Tp&&>(__t); }
    %%%%%:   71-block  0
------------------
_ZSt7forwardIbEOT_RNSt16remove_referenceIS0_E4typeE:
function _ZSt7forwardIbEOT_RNSt16remove_referenceIS0_E4typeE called 0 returned 0% blocks executed 0%
    #####:   70:    forward(typename std::remove_reference<_Tp>::type& __t) noexcept
    #####:   71:    { return static_cast<_Tp&&>(__t); }
    %%%%%:   71-block  0
------------------
_ZSt7forwardISt14default_deleteINSt7__cxx1112basic_stringIcSt11char_traitsIcESaIcEEEEEOT_RNSt16remove_referenceIS8_E4typeE:
function _ZSt7forwardISt14default_deleteINSt7__cxx1112basic_stringIcSt11char_traitsIcESaIcEEEEEOT_RNSt16remove_referenceIS8_E4typeE called 0 returned 0% blocks executed 0%
    #####:   70:    forward(typename std::remove_reference<_Tp>::type& __t) noexcept
    #####:   71:    { return static_cast<_Tp&&>(__t); }
    %%%%%:   71-block  0
------------------
_ZSt7forwardIRKwEOT_RNSt16remove_referenceIS2_E4typeE:
function _ZSt7forwardIRKwEOT_RNSt16remove_referenceIS2_E4typeE called 0 returned 0% blocks executed 0%
    #####:   70:    forward(typename std::remove_reference<_Tp>::type& __t) noexcept
    #####:   71:    { return static_cast<_Tp&&>(__t); }
    %%%%%:   71-block  0
------------------
_ZSt7forwardIRKcEOT_RNSt16remove_referenceIS2_E4typeE:
function _ZSt7forwardIRKcEOT_RNSt16remove_referenceIS2_E4typeE called 0 returned 0% blocks executed 0%
    #####:   70:    forward(typename std::remove_reference<_Tp>::type& __t) noexcept
    #####:   71:    { return static_cast<_Tp&&>(__t); }
    %%%%%:   71-block  0
------------------
_ZSt7forwardIRPPN7testing8TestInfoEEOT_RNSt16remove_referenceIS5_E4typeE:
function _ZSt7forwardIRPPN7testing8TestInfoEEOT_RNSt16remove_referenceIS5_E4typeE called 5 returned 100% blocks executed 100%
        5:   70:    forward(typename std::remove_reference<_Tp>::type& __t) noexcept
        5:   71:    { return static_cast<_Tp&&>(__t); }
        5:   71-block  0
------------------
_ZSt7forwardIRNSt8__detail14_Node_iteratorINSt7__cxx1112basic_stringIcSt11char_traitsIcESaIcEEELb1ELb1EEEEOT_RNSt16remove_referenceISA_E4typeE:
function _ZSt7forwardIRNSt8__detail14_Node_iteratorINSt7__cxx1112basic_stringIcSt11char_traitsIcESaIcEEELb1ELb1EEEEOT_RNSt16remove_referenceISA_E4typeE called 0 returned 0% blocks executed 0%
    #####:   70:    forward(typename std::remove_reference<_Tp>::type& __t) noexcept
    #####:   71:    { return static_cast<_Tp&&>(__t); }
    %%%%%:   71-block  0
------------------
_ZSt7forwardIRKdEOT_RNSt16remove_referenceIS2_E4typeE:
function _ZSt7forwardIRKdEOT_RNSt16remove_referenceIS2_E4typeE called 0 returned 0% blocks executed 0%
    #####:   70:    forward(typename std::remove_reference<_Tp>::type& __t) noexcept
    #####:   71:    { return static_cast<_Tp&&>(__t); }
    %%%%%:   71-block  0
------------------
_ZSt7forwardIPN7testing11EnvironmentEEOT_RNSt16remove_referenceIS3_E4typeE:
function _ZSt7forwardIPN7testing11EnvironmentEEOT_RNSt16remove_referenceIS3_E4typeE called 0 returned 0% blocks executed 0%
    #####:   70:    forward(typename std::remove_reference<_Tp>::type& __t) noexcept
    #####:   71:    { return static_cast<_Tp&&>(__t); }
    %%%%%:   71-block  0
------------------
_ZSt7forwardIPN7testing17TestEventListenerEEOT_RNSt16remove_referenceIS3_E4typeE:
function _ZSt7forwardIPN7testing17TestEventListenerEEOT_RNSt16remove_referenceIS3_E4typeE called 0 returned 0% blocks executed 0%
    #####:   70:    forward(typename std::remove_reference<_Tp>::type& __t) noexcept
    #####:   71:    { return static_cast<_Tp&&>(__t); }
    %%%%%:   71-block  0
------------------
_ZSt7forwardIPN7testing8TestInfoEEOT_RNSt16remove_referenceIS3_E4typeE:
function _ZSt7forwardIPN7testing8TestInfoEEOT_RNSt16remove_referenceIS3_E4typeE called 0 returned 0% blocks executed 0%
    #####:   70:    forward(typename std::remove_reference<_Tp>::type& __t) noexcept
    #####:   71:    { return static_cast<_Tp&&>(__t); }
    %%%%%:   71-block  0
------------------
_ZSt7forwardIN7testing8internal13edit_distance8EditTypeEEOT_RNSt16remove_referenceIS4_E4typeE:
function _ZSt7forwardIN7testing8internal13edit_distance8EditTypeEEOT_RNSt16remove_referenceIS4_E4typeE called 0 returned 0% blocks executed 0%
    #####:   70:    forward(typename std::remove_reference<_Tp>::type& __t) noexcept
    #####:   71:    { return static_cast<_Tp&&>(__t); }
    %%%%%:   71-block  0
------------------
_ZSt7forwardIN7testing8internal9TraceInfoEEOT_RNSt16remove_referenceIS3_E4typeE:
function _ZSt7forwardIN7testing8internal9TraceInfoEEOT_RNSt16remove_referenceIS3_E4typeE called 0 returned 0% blocks executed 0%
    #####:   70:    forward(typename std::remove_reference<_Tp>::type& __t) noexcept
    #####:   71:    { return static_cast<_Tp&&>(__t); }
    %%%%%:   71-block  0
------------------
_ZSt7forwardIN7testing12TestPropertyEEOT_RNSt16remove_referenceIS2_E4typeE:
function _ZSt7forwardIN7testing12TestPropertyEEOT_RNSt16remove_referenceIS2_E4typeE called 0 returned 0% blocks executed 0%
    #####:   70:    forward(typename std::remove_reference<_Tp>::type& __t) noexcept
    #####:   71:    { return static_cast<_Tp&&>(__t); }
    %%%%%:   71-block  0
------------------
_ZSt7forwardIN7testing14TestPartResultEEOT_RNSt16remove_referenceIS2_E4typeE:
function _ZSt7forwardIN7testing14TestPartResultEEOT_RNSt16remove_referenceIS2_E4typeE called 0 returned 0% blocks executed 0%
    #####:   70:    forward(typename std::remove_reference<_Tp>::type& __t) noexcept
    #####:   71:    { return static_cast<_Tp&&>(__t); }
    %%%%%:   71-block  0
------------------
_ZSt7forwardIRKSt17basic_string_viewIcSt11char_traitsIcEEEOT_RNSt16remove_referenceIS6_E4typeE:
function _ZSt7forwardIRKSt17basic_string_viewIcSt11char_traitsIcEEEOT_RNSt16remove_referenceIS6_E4typeE called 0 returned 0% blocks executed 0%
    #####:   70:    forward(typename std::remove_reference<_Tp>::type& __t) noexcept
    #####:   71:    { return static_cast<_Tp&&>(__t); }
    %%%%%:   71-block  0
------------------
_ZSt7forwardIRKPKcEOT_RNSt16remove_referenceIS4_E4typeE:
function _ZSt7forwardIRKPKcEOT_RNSt16remove_referenceIS4_E4typeE called 0 returned 0% blocks executed 0%
    #####:   70:    forward(typename std::remove_reference<_Tp>::type& __t) noexcept
    #####:   71:    { return static_cast<_Tp&&>(__t); }
    %%%%%:   71-block  0
------------------
_ZSt7forwardIPKN7testing8internal9EqMatcherINSt7__cxx1112basic_stringIcSt11char_traitsIcESaIcEEEEEEOT_RNSt16remove_referenceISC_E4typeE:
function _ZSt7forwardIPKN7testing8internal9EqMatcherINSt7__cxx1112basic_stringIcSt11char_traitsIcESaIcEEEEEEOT_RNSt16remove_referenceISC_E4typeE called 0 returned 0% blocks executed 0%
    #####:   70:    forward(typename std::remove_reference<_Tp>::type& __t) noexcept
    #####:   71:    { return static_cast<_Tp&&>(__t); }
    %%%%%:   71-block  0
------------------
_ZSt7forwardIPPN7testing8TestInfoEEOT_RNSt16remove_referenceIS4_E4typeE:
function _ZSt7forwardIPPN7testing8TestInfoEEOT_RNSt16remove_referenceIS4_E4typeE called 0 returned 0% blocks executed 0%
    #####:   70:    forward(typename std::remove_reference<_Tp>::type& __t) noexcept
    #####:   71:    { return static_cast<_Tp&&>(__t); }
    %%%%%:   71-block  0
------------------
_ZSt7forwardIRlEOT_RNSt16remove_referenceIS1_E4typeE:
function _ZSt7forwardIRlEOT_RNSt16remove_referenceIS1_E4typeE called 5 returned 100% blocks executed 100%
        5:   70:    forward(typename std::remove_reference<_Tp>::type& __t) noexcept
        5:   71:    { return static_cast<_Tp&&>(__t); }
        5:   71-block  0
------------------
_ZSt7forwardINSt8__detail14_Node_iteratorINSt7__cxx1112basic_stringIcSt11char_traitsIcESaIcEEELb1ELb1EEEEOT_RNSt16remove_referenceIS9_E4typeE:
function _ZSt7forwardINSt8__detail14_Node_iteratorINSt7__cxx1112basic_stringIcSt11char_traitsIcESaIcEEELb1ELb1EEEEOT_RNSt16remove_referenceIS9_E4typeE called 0 returned 0% blocks executed 0%
    #####:   70:    forward(typename std::remove_reference<_Tp>::type& __t) noexcept
    #####:   71:    { return static_cast<_Tp&&>(__t); }
    %%%%%:   71-block  0
------------------
_ZSt7forwardIRPSt13_Rb_tree_nodeISt4pairIKNSt7__cxx1112basic_stringIcSt11char_traitsIcESaIcEEEmEEEOT_RNSt16remove_referenceISD_E4typeE:
function _ZSt7forwardIRPSt13_Rb_tree_nodeISt4pairIKNSt7__cxx1112basic_stringIcSt11char_traitsIcESaIcEEEmEEEOT_RNSt16remove_referenceISD_E4typeE called 0 returned 0% blocks executed 0%
    #####:   70:    forward(typename std::remove_reference<_Tp>::type& __t) noexcept
    #####:   71:    { return static_cast<_Tp&&>(__t); }
    %%%%%:   71-block  0
------------------
_ZSt7forwardIRKSt6vectorIN7testing8internal13edit_distance8EditTypeESaIS4_EEEOT_RNSt16remove_referenceIS9_E4typeE:
function _ZSt7forwardIRKSt6vectorIN7testing8internal13edit_distance8EditTypeESaIS4_EEEOT_RNSt16remove_referenceIS9_E4typeE called 0 returned 0% blocks executed 0%
    #####:   70:    forward(typename std::remove_reference<_Tp>::type& __t) noexcept
    #####:   71:    { return static_cast<_Tp&&>(__t); }
    %%%%%:   71-block  0
------------------
_ZSt7forwardIRKSt6vectorIdSaIdEEEOT_RNSt16remove_referenceIS5_E4typeE:
function _ZSt7forwardIRKSt6vectorIdSaIdEEEOT_RNSt16remove_referenceIS5_E4typeE called 0 returned 0% blocks executed 0%
    #####:   70:    forward(typename std::remove_reference<_Tp>::type& __t) noexcept
    #####:   71:    { return static_cast<_Tp&&>(__t); }
    %%%%%:   71-block  0
------------------
_ZSt7forwardIPKN7testing8internal11MatcherBaseISt17basic_string_viewIcSt11char_traitsIcEEEEEOT_RNSt16remove_referenceISA_E4typeE:
function _ZSt7forwardIPKN7testing8internal11MatcherBaseISt17basic_string_viewIcSt11char_traitsIcEEEEEOT_RNSt16remove_referenceISA_E4typeE called 0 returned 0% blocks executed 0%
    #####:   70:    forward(typename std::remove_reference<_Tp>::type& __t) noexcept
    #####:   71:    { return static_cast<_Tp&&>(__t); }
    %%%%%:   71-block  0
------------------
_ZSt7forwardIPKN7testing8internal11MatcherBaseIRKSt17basic_string_viewIcSt11char_traitsIcEEEEEOT_RNSt16remove_referenceISC_E4typeE:
function _ZSt7forwardIPKN7testing8internal11MatcherBaseIRKSt17basic_string_viewIcSt11char_traitsIcEEEEEOT_RNSt16remove_referenceISC_E4typeE called 0 returned 0% blocks executed 0%
    #####:   70:    forward(typename std::remove_reference<_Tp>::type& __t) noexcept
    #####:   71:    { return static_cast<_Tp&&>(__t); }
    %%%%%:   71-block  0
------------------
_ZSt7forwardIPKN7testing8internal11MatcherBaseINSt7__cxx1112basic_stringIcSt11char_traitsIcESaIcEEEEEEOT_RNSt16remove_referenceISC_E4typeE:
function _ZSt7forwardIPKN7testing8internal11MatcherBaseINSt7__cxx1112basic_stringIcSt11char_traitsIcESaIcEEEEEEOT_RNSt16remove_referenceISC_E4typeE called 0 returned 0% blocks executed 0%
    #####:   70:    forward(typename std::remove_reference<_Tp>::type& __t) noexcept
    #####:   71:    { return static_cast<_Tp&&>(__t); }
    %%%%%:   71-block  0
------------------
_ZSt7forwardIPKN7testing8internal11MatcherBaseIRKNSt7__cxx1112basic_stringIcSt11char_traitsIcESaIcEEEEEEOT_RNSt16remove_referenceISE_E4typeE:
function _ZSt7forwardIPKN7testing8internal11MatcherBaseIRKNSt7__cxx1112basic_stringIcSt11char_traitsIcESaIcEEEEEEOT_RNSt16remove_referenceISE_E4typeE called 0 returned 0% blocks executed 0%
    #####:   70:    forward(typename std::remove_reference<_Tp>::type& __t) noexcept
    #####:   71:    { return static_cast<_Tp&&>(__t); }
    %%%%%:   71-block  0
------------------
_ZSt7forwardIRPSt13_Rb_tree_nodeISt4pairIKNSt7__cxx1112basic_stringIcSt11char_traitsIcESaIcEEEN7testing8internal34TypeParameterizedTestSuiteRegistry30TypeParameterizedTestSuiteInfoEEEEOT_RNSt16remove_referenceISH_E4typeE:
function _ZSt7forwardIRPSt13_Rb_tree_nodeISt4pairIKNSt7__cxx1112basic_stringIcSt11char_traitsIcESaIcEEEN7testing8internal34TypeParameterizedTestSuiteRegistry30TypeParameterizedTestSuiteInfoEEEEOT_RNSt16remove_referenceISH_E4typeE called 0 returned 0% blocks executed 0%
    #####:   70:    forward(typename std::remove_reference<_Tp>::type& __t) noexcept
    #####:   71:    { return static_cast<_Tp&&>(__t); }
    %%%%%:   71-block  0
------------------
_ZSt7forwardIRPSt13_Rb_tree_nodeINSt7__cxx1112basic_stringIcSt11char_traitsIcESaIcEEEEEOT_RNSt16remove_referenceISA_E4typeE:
function _ZSt7forwardIRPSt13_Rb_tree_nodeINSt7__cxx1112basic_stringIcSt11char_traitsIcESaIcEEEEEOT_RNSt16remove_referenceISA_E4typeE called 0 returned 0% blocks executed 0%
    #####:   70:    forward(typename std::remove_reference<_Tp>::type& __t) noexcept
    #####:   71:    { return static_cast<_Tp&&>(__t); }
    %%%%%:   71-block  0
------------------
_ZSt7forwardIRPSt18_Rb_tree_node_baseEOT_RNSt16remove_referenceIS3_E4typeE:
function _ZSt7forwardIRPSt18_Rb_tree_node_baseEOT_RNSt16remove_referenceIS3_E4typeE called 0 returned 0% blocks executed 0%
    #####:   70:    forward(typename std::remove_reference<_Tp>::type& __t) noexcept
    #####:   71:    { return static_cast<_Tp&&>(__t); }
    %%%%%:   71-block  0
------------------
_ZSt7forwardISt17_Rb_tree_iteratorINSt7__cxx1112basic_stringIcSt11char_traitsIcESaIcEEEEEOT_RNSt16remove_referenceIS8_E4typeE:
function _ZSt7forwardISt17_Rb_tree_iteratorINSt7__cxx1112basic_stringIcSt11char_traitsIcESaIcEEEEEOT_RNSt16remove_referenceIS8_E4typeE called 0 returned 0% blocks executed 0%
    #####:   70:    forward(typename std::remove_reference<_Tp>::type& __t) noexcept
    #####:   71:    { return static_cast<_Tp&&>(__t); }
    %%%%%:   71-block  0
------------------
_ZSt7forwardIPN7testing9TestSuiteEEOT_RNSt16remove_referenceIS3_E4typeE:
function _ZSt7forwardIPN7testing9TestSuiteEEOT_RNSt16remove_referenceIS3_E4typeE called 0 returned 0% blocks executed 0%
    #####:   70:    forward(typename std::remove_reference<_Tp>::type& __t) noexcept
    #####:   71:    { return static_cast<_Tp&&>(__t); }
    %%%%%:   71-block  0
------------------
_ZSt7forwardIRKPN7testing9TestSuiteEEOT_RNSt16remove_referenceIS5_E4typeE:
function _ZSt7forwardIRKPN7testing9TestSuiteEEOT_RNSt16remove_referenceIS5_E4typeE called 14 returned 100% blocks executed 100%
       14:   70:    forward(typename std::remove_reference<_Tp>::type& __t) noexcept
       14:   71:    { return static_cast<_Tp&&>(__t); }
       14:   71-block  0
------------------
        -:   72:
        -:   73:  /**
        -:   74:   *  @brief  Forward an rvalue.
        -:   75:   *  @return The parameter cast to the specified type.
        -:   76:   *
        -:   77:   *  This function is used to implement "perfect forwarding".
        -:   78:   */
        -:   79:  template<typename _Tp>
        -:   80:    _GLIBCXX_NODISCARD
        -:   81:    constexpr _Tp&&
        -:   82:    forward(typename std::remove_reference<_Tp>::type&& __t) noexcept
        -:   83:    {
        -:   84:      static_assert(!std::is_lvalue_reference<_Tp>::value,
        -:   85:	  "std::forward must not be used to convert an rvalue to an lvalue");
        -:   86:      return static_cast<_Tp&&>(__t);
        -:   87:    }
        -:   88:
        -:   89:  /**
        -:   90:   *  @brief  Convert a value to an rvalue.
        -:   91:   *  @param  __t  A thing of arbitrary type.
        -:   92:   *  @return The parameter cast to an rvalue-reference to allow moving it.
        -:   93:  */
        -:   94:  template<typename _Tp>
        -:   95:    _GLIBCXX_NODISCARD
        -:   96:    constexpr typename std::remove_reference<_Tp>::type&&
    1139*:   97:    move(_Tp&& __t) noexcept
    1139*:   98:    { return static_cast<typename std::remove_reference<_Tp>::type&&>(__t); }
------------------
_ZSt4moveIRSt4pairIRNSt7__cxx1112basic_stringIcSt11char_traitsIcESaIcEEERN7testing8internal34TypeParameterizedTestSuiteRegistry30TypeParameterizedTestSuiteInfoEEEONSt16remove_referenceIT_E4typeEOSG_:
function _ZSt4moveIRSt4pairIRNSt7__cxx1112basic_stringIcSt11char_traitsIcESaIcEEERN7testing8internal34TypeParameterizedTestSuiteRegistry30TypeParameterizedTestSuiteInfoEEEONSt16remove_referenceIT_E4typeEOSG_ called 0 returned 0% blocks executed 0%
    #####:   97:    move(_Tp&& __t) noexcept
    #####:   98:    { return static_cast<typename std::remove_reference<_Tp>::type&&>(__t); }
    %%%%%:   98-block  0
------------------
_ZSt4moveIRPN7testing8internal16DeathTestFactoryEEONSt16remove_referenceIT_E4typeEOS6_:
function _ZSt4moveIRPN7testing8internal16DeathTestFactoryEEONSt16remove_referenceIT_E4typeEOS6_ called 1 returned 100% blocks executed 100%
        1:   97:    move(_Tp&& __t) noexcept
        1:   98:    { return static_cast<typename std::remove_reference<_Tp>::type&&>(__t); }
        1:   98-block  0
------------------
_ZSt4moveIRiEONSt16remove_referenceIT_E4typeEOS2_:
function _ZSt4moveIRiEONSt16remove_referenceIT_E4typeEOS2_ called 60 returned 100% blocks executed 100%
       60:   97:    move(_Tp&& __t) noexcept
       60:   98:    { return static_cast<typename std::remove_reference<_Tp>::type&&>(__t); }
       60:   98-block  0
------------------
_ZSt4moveIRPKNSt7__cxx1112basic_stringIcSt11char_traitsIcESaIcEEEEONSt16remove_referenceIT_E4typeEOSA_:
function _ZSt4moveIRPKNSt7__cxx1112basic_stringIcSt11char_traitsIcESaIcEEEEONSt16remove_referenceIT_E4typeEOSA_ called 0 returned 0% blocks executed 0%
    #####:   97:    move(_Tp&& __t) noexcept
    #####:   98:    { return static_cast<typename std::remove_reference<_Tp>::type&&>(__t); }
    %%%%%:   98-block  0
------------------
_ZSt4moveIRPN7testing8internal14GTestFlagSaverEEONSt16remove_referenceIT_E4typeEOS6_:
function _ZSt4moveIRPN7testing8internal14GTestFlagSaverEEONSt16remove_referenceIT_E4typeEOS6_ called 55 returned 100% blocks executed 100%
       55:   97:    move(_Tp&& __t) noexcept
       55:   98:    { return static_cast<typename std::remove_reference<_Tp>::type&&>(__t); }
       55:   98-block  0
------------------
_ZSt4moveIRNSt7__cxx114listISt4pairIcPKcESaIS5_EEEEONSt16remove_referenceIT_E4typeEOSA_:
function _ZSt4moveIRNSt7__cxx114listISt4pairIcPKcESaIS5_EEEEONSt16remove_referenceIT_E4typeEOSA_ called 0 returned 0% blocks executed 0%
    #####:   97:    move(_Tp&& __t) noexcept
    #####:   98:    { return static_cast<typename std::remove_reference<_Tp>::type&&>(__t); }
    %%%%%:   98-block  0
------------------
_ZSt4moveIRSt4pairIcPKcEEONSt16remove_referenceIT_E4typeEOS6_:
function _ZSt4moveIRSt4pairIcPKcEEONSt16remove_referenceIT_E4typeEOS6_ called 0 returned 0% blocks executed 0%
    #####:   97:    move(_Tp&& __t) noexcept
    #####:   98:    { return static_cast<typename std::remove_reference<_Tp>::type&&>(__t); }
    %%%%%:   98-block  0
------------------
_ZSt4moveIRmEONSt16remove_referenceIT_E4typeEOS2_:
function _ZSt4moveIRmEONSt16remove_referenceIT_E4typeEOS2_ called 0 returned 0% blocks executed 0%
    #####:   97:    move(_Tp&& __t) noexcept
    #####:   98:    { return static_cast<typename std::remove_reference<_Tp>::type&&>(__t); }
    %%%%%:   98-block  0
------------------
_ZSt4moveIRSt10_HashtableINSt7__cxx1112basic_stringIcSt11char_traitsIcESaIcEEES6_SaIS6_ENSt8__detail9_IdentityESt8equal_toIS6_ESt4hashIS6_ENS8_18_Mod_range_hashingENS8_20_Default_ranged_hashENS8_20_Prime_rehash_policyENS8_17_Hashtable_traitsILb1ELb1ELb1EEEEEONSt16remove_referenceIT_E4typeEOSM_:
function _ZSt4moveIRSt10_HashtableINSt7__cxx1112basic_stringIcSt11char_traitsIcESaIcEEES6_SaIS6_ENSt8__detail9_IdentityESt8equal_toIS6_ESt4hashIS6_ENS8_18_Mod_range_hashingENS8_20_Default_ranged_hashENS8_20_Prime_rehash_policyENS8_17_Hashtable_traitsILb1ELb1ELb1EEEEEONSt16remove_referenceIT_E4typeEOSM_ called 2 returned 100% blocks executed 100%
        2:   97:    move(_Tp&& __t) noexcept
        2:   98:    { return static_cast<typename std::remove_reference<_Tp>::type&&>(__t); }
        2:   98-block  0
------------------
_ZSt4moveIRSt6vectorINSt7__cxx1112basic_stringIcSt11char_traitsIcESaIcEEESaIS6_EEEONSt16remove_referenceIT_E4typeEOSB_:
function _ZSt4moveIRSt6vectorINSt7__cxx1112basic_stringIcSt11char_traitsIcESaIcEEESaIS6_EEEONSt16remove_referenceIT_E4typeEOSB_ called 1 returned 100% blocks executed 100%
        1:   97:    move(_Tp&& __t) noexcept
        1:   98:    { return static_cast<typename std::remove_reference<_Tp>::type&&>(__t); }
        1:   98-block  0
------------------
_ZSt4moveIRZN7testing8internal34TypeParameterizedTestSuiteRegistry22CheckForInstantiationsEvEUlvE_EONSt16remove_referenceIT_E4typeEOS6_:
function _ZSt4moveIRZN7testing8internal34TypeParameterizedTestSuiteRegistry22CheckForInstantiationsEvEUlvE_EONSt16remove_referenceIT_E4typeEOS6_ called 0 returned 0% blocks executed 0%
    #####:   97:    move(_Tp&& __t) noexcept
    #####:   98:    { return static_cast<typename std::remove_reference<_Tp>::type&&>(__t); }
    %%%%%:   98-block  0
------------------
_ZSt4moveIRPN7testing9TestSuiteEEONSt16remove_referenceIT_E4typeEOS5_:
function _ZSt4moveIRPN7testing9TestSuiteEEONSt16remove_referenceIT_E4typeEOS5_ called 0 returned 0% blocks executed 0%
    #####:   97:    move(_Tp&& __t) noexcept
    #####:   98:    { return static_cast<typename std::remove_reference<_Tp>::type&&>(__t); }
    %%%%%:   98-block  0
------------------
_ZSt4moveIRZN7testing8internal23InsertSyntheticTestCaseERKNSt7__cxx1112basic_stringIcSt11char_traitsIcESaIcEEENS1_12CodeLocationEbEUlvE_EONSt16remove_referenceIT_E4typeEOSE_:
function _ZSt4moveIRZN7testing8internal23InsertSyntheticTestCaseERKNSt7__cxx1112basic_stringIcSt11char_traitsIcESaIcEEENS1_12CodeLocationEbEUlvE_EONSt16remove_referenceIT_E4typeEOSE_ called 0 returned 0% blocks executed 0%
    #####:   97:    move(_Tp&& __t) noexcept
    #####:   98:    { return static_cast<typename std::remove_reference<_Tp>::type&&>(__t); }
    %%%%%:   98-block  0
------------------
_ZSt4moveIRPN7testing8internal17StreamingListener20AbstractSocketWriterEEONSt16remove_referenceIT_E4typeEOS7_:
function _ZSt4moveIRPN7testing8internal17StreamingListener20AbstractSocketWriterEEONSt16remove_referenceIT_E4typeEOS7_ called 0 returned 0% blocks executed 0%
    #####:   97:    move(_Tp&& __t) noexcept
    #####:   98:    { return static_cast<typename std::remove_reference<_Tp>::type&&>(__t); }
    %%%%%:   98-block  0
------------------
_ZSt4moveIRPN7testing8internal24InternalRunDeathTestFlagEEONSt16remove_referenceIT_E4typeEOS6_:
function _ZSt4moveIRPN7testing8internal24InternalRunDeathTestFlagEEONSt16remove_referenceIT_E4typeEOS6_ called 1 returned 100% blocks executed 100%
        1:   97:    move(_Tp&& __t) noexcept
        1:   98:    { return static_cast<typename std::remove_reference<_Tp>::type&&>(__t); }
        1:   98-block  0
------------------
_ZSt4moveIRbEONSt16remove_referenceIT_E4typeEOS2_:
function _ZSt4moveIRbEONSt16remove_referenceIT_E4typeEOS2_ called 0 returned 0% blocks executed 0%
    #####:   97:    move(_Tp&& __t) noexcept
    #####:   98:    { return static_cast<typename std::remove_reference<_Tp>::type&&>(__t); }
    %%%%%:   98-block  0
------------------
_ZSt4moveIRPNSt7__cxx1112basic_stringIcSt11char_traitsIcESaIcEEEEONSt16remove_referenceIT_E4typeEOS9_:
function _ZSt4moveIRPNSt7__cxx1112basic_stringIcSt11char_traitsIcESaIcEEEEONSt16remove_referenceIT_E4typeEOS9_ called 0 returned 0% blocks executed 0%
    #####:   97:    move(_Tp&& __t) noexcept
    #####:   98:    { return static_cast<typename std::remove_reference<_Tp>::type&&>(__t); }
    %%%%%:   98-block  0
------------------
_ZSt4moveIRPNSt7__cxx1118basic_stringstreamIcSt11char_traitsIcESaIcEEEEONSt16remove_referenceIT_E4typeEOS9_:
function _ZSt4moveIRPNSt7__cxx1118basic_stringstreamIcSt11char_traitsIcESaIcEEEEONSt16remove_referenceIT_E4typeEOS9_ called 0 returned 0% blocks executed 0%
    #####:   97:    move(_Tp&& __t) noexcept
    #####:   98:    { return static_cast<typename std::remove_reference<_Tp>::type&&>(__t); }
    %%%%%:   98-block  0
------------------
_ZSt4moveIRNSt7__cxx1112basic_stringIcSt11char_traitsIcESaIcEEEEONSt16remove_referenceIT_E4typeEOS8_:
function _ZSt4moveIRNSt7__cxx1112basic_stringIcSt11char_traitsIcESaIcEEEEONSt16remove_referenceIT_E4typeEOS8_ called 187 returned 100% blocks executed 100%
      187:   97:    move(_Tp&& __t) noexcept
      187:   98:    { return static_cast<typename std::remove_reference<_Tp>::type&&>(__t); }
      187:   98-block  0
------------------
_ZSt4moveIRN7testing7MatcherIRKNSt7__cxx1112basic_stringIcSt11char_traitsIcESaIcEEEEEEONSt16remove_referenceIT_E4typeEOSD_:
function _ZSt4moveIRN7testing7MatcherIRKNSt7__cxx1112basic_stringIcSt11char_traitsIcESaIcEEEEEEONSt16remove_referenceIT_E4typeEOSD_ called 0 returned 0% blocks executed 0%
    #####:   97:    move(_Tp&& __t) noexcept
    #####:   98:    { return static_cast<typename std::remove_reference<_Tp>::type&&>(__t); }
    %%%%%:   98-block  0
------------------
_ZSt4moveIRSaIcEEONSt16remove_referenceIT_E4typeEOS3_:
function _ZSt4moveIRSaIcEEONSt16remove_referenceIT_E4typeEOS3_ called 0 returned 0% blocks executed 0%
    #####:   97:    move(_Tp&& __t) noexcept
    #####:   98:    { return static_cast<typename std::remove_reference<_Tp>::type&&>(__t); }
    %%%%%:   98-block  0
------------------
_ZSt4moveIRZNK7testing8internal12_GLOBAL__N_114UnitTestFilter11MatchesNameERKNSt7__cxx1112basic_stringIcSt11char_traitsIcESaIcEEEEUlSB_E_EONSt16remove_referenceIT_E4typeEOSF_:
function _ZSt4moveIRZNK7testing8internal12_GLOBAL__N_114UnitTestFilter11MatchesNameERKNSt7__cxx1112basic_stringIcSt11char_traitsIcESaIcEEEEUlSB_E_EONSt16remove_referenceIT_E4typeEOSF_ called 450 returned 100% blocks executed 100%
      450:   97:    move(_Tp&& __t) noexcept
      450:   98:    { return static_cast<typename std::remove_reference<_Tp>::type&&>(__t); }
      450:   98-block  0
------------------
_ZSt4moveIRPN7testing17TestEventListenerEEONSt16remove_referenceIT_E4typeEOS5_:
function _ZSt4moveIRPN7testing17TestEventListenerEEONSt16remove_referenceIT_E4typeEOS5_ called 0 returned 0% blocks executed 0%
    #####:   97:    move(_Tp&& __t) noexcept
    #####:   98:    { return static_cast<typename std::remove_reference<_Tp>::type&&>(__t); }
    %%%%%:   98-block  0
------------------
_ZSt4moveIRlEONSt16remove_referenceIT_E4typeEOS2_:
function _ZSt4moveIRlEONSt16remove_referenceIT_E4typeEOS2_ called 0 returned 0% blocks executed 0%
    #####:   97:    move(_Tp&& __t) noexcept
    #####:   98:    { return static_cast<typename std::remove_reference<_Tp>::type&&>(__t); }
    %%%%%:   98-block  0
------------------
_ZSt4moveIRN7testing8internal9TraceInfoEEONSt16remove_referenceIT_E4typeEOS5_:
function _ZSt4moveIRN7testing8internal9TraceInfoEEONSt16remove_referenceIT_E4typeEOS5_ called 0 returned 0% blocks executed 0%
    #####:   97:    move(_Tp&& __t) noexcept
    #####:   98:    { return static_cast<typename std::remove_reference<_Tp>::type&&>(__t); }
    %%%%%:   98-block  0
------------------
_ZSt4moveIRN7testing12TestPropertyEEONSt16remove_referenceIT_E4typeEOS4_:
function _ZSt4moveIRN7testing12TestPropertyEEONSt16remove_referenceIT_E4typeEOS4_ called 0 returned 0% blocks executed 0%
    #####:   97:    move(_Tp&& __t) noexcept
    #####:   98:    { return static_cast<typename std::remove_reference<_Tp>::type&&>(__t); }
    %%%%%:   98-block  0
------------------
_ZSt4moveIRN7testing14TestPartResultEEONSt16remove_referenceIT_E4typeEOS4_:
function _ZSt4moveIRN7testing14TestPartResultEEONSt16remove_referenceIT_E4typeEOS4_ called 0 returned 0% blocks executed 0%
    #####:   97:    move(_Tp&& __t) noexcept
    #####:   98:    { return static_cast<typename std::remove_reference<_Tp>::type&&>(__t); }
    %%%%%:   98-block  0
------------------
_ZSt4moveIRN9__gnu_cxx5__ops15_Iter_comp_iterIZN7testing9TestSuite3RunEvEUlPKNS3_8TestInfoES7_E_EEEONSt16remove_referenceIT_E4typeEOSC_:
function _ZSt4moveIRN9__gnu_cxx5__ops15_Iter_comp_iterIZN7testing9TestSuite3RunEvEUlPKNS3_8TestInfoES7_E_EEEONSt16remove_referenceIT_E4typeEOSC_ called 40 returned 100% blocks executed 100%
       40:   97:    move(_Tp&& __t) noexcept
       40:   98:    { return static_cast<typename std::remove_reference<_Tp>::type&&>(__t); }
       40:   98-block  0
------------------
_ZSt4moveIRN7testing8internal9EqMatcherINSt7__cxx1112basic_stringIcSt11char_traitsIcESaIcEEEEEEONSt16remove_referenceIT_E4typeEOSC_:
function _ZSt4moveIRN7testing8internal9EqMatcherINSt7__cxx1112basic_stringIcSt11char_traitsIcESaIcEEEEEEONSt16remove_referenceIT_E4typeEOSC_ called 0 returned 0% blocks executed 0%
    #####:   97:    move(_Tp&& __t) noexcept
    #####:   98:    { return static_cast<typename std::remove_reference<_Tp>::type&&>(__t); }
    %%%%%:   98-block  0
------------------
_ZSt4moveIRPN7testing8TestInfoEEONSt16remove_referenceIT_E4typeEOS5_:
function _ZSt4moveIRPN7testing8TestInfoEEONSt16remove_referenceIT_E4typeEOS5_ called 152 returned 100% blocks executed 100%
      152:   97:    move(_Tp&& __t) noexcept
      152:   98:    { return static_cast<typename std::remove_reference<_Tp>::type&&>(__t); }
      152:   98-block  0
------------------
_ZSt4moveIRN7testing8internal13edit_distance8EditTypeEEONSt16remove_referenceIT_E4typeEOS6_:
function _ZSt4moveIRN7testing8internal13edit_distance8EditTypeEEONSt16remove_referenceIT_E4typeEOS6_ called 0 returned 0% blocks executed 0%
    #####:   97:    move(_Tp&& __t) noexcept
    #####:   98:    { return static_cast<typename std::remove_reference<_Tp>::type&&>(__t); }
    %%%%%:   98-block  0
------------------
_ZSt4moveIRPN7testing11EnvironmentEEONSt16remove_referenceIT_E4typeEOS5_:
function _ZSt4moveIRPN7testing11EnvironmentEEONSt16remove_referenceIT_E4typeEOS5_ called 0 returned 0% blocks executed 0%
    #####:   97:    move(_Tp&& __t) noexcept
    #####:   98:    { return static_cast<typename std::remove_reference<_Tp>::type&&>(__t); }
    %%%%%:   98-block  0
------------------
_ZSt4moveIRZN7testing8internal12_GLOBAL__N_113IsGlobPatternERKNSt7__cxx1112basic_stringIcSt11char_traitsIcESaIcEEEEUlcE_EONSt16remove_referenceIT_E4typeEOSE_:
function _ZSt4moveIRZN7testing8internal12_GLOBAL__N_113IsGlobPatternERKNSt7__cxx1112basic_stringIcSt11char_traitsIcESaIcEEEEUlcE_EONSt16remove_referenceIT_E4typeEOSE_ called 26 returned 100% blocks executed 100%
       26:   97:    move(_Tp&& __t) noexcept
       26:   98:    { return static_cast<typename std::remove_reference<_Tp>::type&&>(__t); }
       26:   98-block  0
------------------
_ZSt4moveIRSt14default_deleteINSt7__cxx1112basic_stringIcSt11char_traitsIcESaIcEEEEEONSt16remove_referenceIT_E4typeEOSA_:
function _ZSt4moveIRSt14default_deleteINSt7__cxx1112basic_stringIcSt11char_traitsIcESaIcEEEEEONSt16remove_referenceIT_E4typeEOSA_ called 0 returned 0% blocks executed 0%
    #####:   97:    move(_Tp&& __t) noexcept
    #####:   98:    { return static_cast<typename std::remove_reference<_Tp>::type&&>(__t); }
    %%%%%:   98-block  0
------------------
_ZSt4moveIRSaINSt8__detail10_Hash_nodeINSt7__cxx1112basic_stringIcSt11char_traitsIcESaIcEEELb1EEEEEONSt16remove_referenceIT_E4typeEOSC_:
function _ZSt4moveIRSaINSt8__detail10_Hash_nodeINSt7__cxx1112basic_stringIcSt11char_traitsIcESaIcEEELb1EEEEEONSt16remove_referenceIT_E4typeEOSC_ called 1 returned 100% blocks executed 100%
        1:   97:    move(_Tp&& __t) noexcept
        1:   98:    { return static_cast<typename std::remove_reference<_Tp>::type&&>(__t); }
        1:   98-block  0
------------------
_ZSt4moveIRSaINSt7__cxx1112basic_stringIcSt11char_traitsIcESaIcEEEEEONSt16remove_referenceIT_E4typeEOS9_:
function _ZSt4moveIRSaINSt7__cxx1112basic_stringIcSt11char_traitsIcESaIcEEEEEONSt16remove_referenceIT_E4typeEOS9_ called 1 returned 100% blocks executed 100%
        1:   97:    move(_Tp&& __t) noexcept
        1:   98:    { return static_cast<typename std::remove_reference<_Tp>::type&&>(__t); }
        1:   98-block  0
------------------
_ZSt4moveIRN7testing8internal15TestSuiteNameIsEEONSt16remove_referenceIT_E4typeEOS5_:
function _ZSt4moveIRN7testing8internal15TestSuiteNameIsEEONSt16remove_referenceIT_E4typeEOS5_ called 110 returned 100% blocks executed 100%
      110:   97:    move(_Tp&& __t) noexcept
      110:   98:    { return static_cast<typename std::remove_reference<_Tp>::type&&>(__t); }
      110:   98-block  0
------------------
_ZSt4moveIRPN7testing8internal11ThreadLocalISt6vectorINS1_9TraceInfoESaIS4_EEE18ValueHolderFactoryEEONSt16remove_referenceIT_E4typeEOSC_:
function _ZSt4moveIRPN7testing8internal11ThreadLocalISt6vectorINS1_9TraceInfoESaIS4_EEE18ValueHolderFactoryEEONSt16remove_referenceIT_E4typeEOSC_ called 1 returned 100% blocks executed 100%
        1:   97:    move(_Tp&& __t) noexcept
        1:   98:    { return static_cast<typename std::remove_reference<_Tp>::type&&>(__t); }
        1:   98-block  0
------------------
_ZSt4moveIRPN7testing8internal11ThreadLocalIPNS0_31TestPartResultReporterInterfaceEE18ValueHolderFactoryEEONSt16remove_referenceIT_E4typeEOSA_:
function _ZSt4moveIRPN7testing8internal11ThreadLocalIPNS0_31TestPartResultReporterInterfaceEE18ValueHolderFactoryEEONSt16remove_referenceIT_E4typeEOSA_ called 1 returned 100% blocks executed 100%
        1:   97:    move(_Tp&& __t) noexcept
        1:   98:    { return static_cast<typename std::remove_reference<_Tp>::type&&>(__t); }
        1:   98-block  0
------------------
_ZSt4moveIRZN7testing9TestSuite3RunEvEUlPKNS0_8TestInfoES4_E_EONSt16remove_referenceIT_E4typeEOS8_:
function _ZSt4moveIRZN7testing9TestSuite3RunEvEUlPKNS0_8TestInfoES4_E_EONSt16remove_referenceIT_E4typeEOS8_ called 50 returned 100% blocks executed 100%
       50:   97:    move(_Tp&& __t) noexcept
       50:   98:    { return static_cast<typename std::remove_reference<_Tp>::type&&>(__t); }
       50:   98-block  0
------------------
_ZSt4moveIRN7testing8internal17TestPropertyKeyIsEEONSt16remove_referenceIT_E4typeEOS5_:
function _ZSt4moveIRN7testing8internal17TestPropertyKeyIsEEONSt16remove_referenceIT_E4typeEOS5_ called 0 returned 0% blocks executed 0%
    #####:   97:    move(_Tp&& __t) noexcept
    #####:   98:    { return static_cast<typename std::remove_reference<_Tp>::type&&>(__t); }
    %%%%%:   98-block  0
------------------
        -:   99:
        -:  100:
        -:  101:  template<typename _Tp>
        -:  102:    struct __move_if_noexcept_cond
        -:  103:    : public __and_<__not_<is_nothrow_move_constructible<_Tp>>,
        -:  104:                    is_copy_constructible<_Tp>>::type { };
        -:  105:
        -:  106:  /**
        -:  107:   *  @brief  Conditionally convert a value to an rvalue.
        -:  108:   *  @param  __x  A thing of arbitrary type.
        -:  109:   *  @return The parameter, possibly cast to an rvalue-reference.
        -:  110:   *
        -:  111:   *  Same as std::move unless the type's move constructor could throw and the
        -:  112:   *  type is copyable, in which case an lvalue-reference is returned instead.
        -:  113:   */
        -:  114:  template<typename _Tp>
        -:  115:    _GLIBCXX_NODISCARD
        -:  116:    constexpr
        -:  117:    __conditional_t<__move_if_noexcept_cond<_Tp>::value, const _Tp&, _Tp&&>
        -:  118:    move_if_noexcept(_Tp& __x) noexcept
        -:  119:    { return std::move(__x); }
        -:  120:
        -:  121:  // declval, from type_traits.
        -:  122:
        -:  123:#if __cplusplus > 201402L
        -:  124:  // _GLIBCXX_RESOLVE_LIB_DEFECTS
        -:  125:  // 2296. std::addressof should be constexpr
        -:  126:# define __cpp_lib_addressof_constexpr 201603L
        -:  127:#endif
        -:  128:  /**
        -:  129:   *  @brief Returns the actual address of the object or function
        -:  130:   *         referenced by r, even in the presence of an overloaded
        -:  131:   *         operator&.
        -:  132:   *  @param  __r  Reference to an object or function.
        -:  133:   *  @return   The actual address.
        -:  134:  */
        -:  135:  template<typename _Tp>
        -:  136:    _GLIBCXX_NODISCARD
        -:  137:    inline _GLIBCXX17_CONSTEXPR _Tp*
    #####:  138:    addressof(_Tp& __r) noexcept
    #####:  139:    { return std::__addressof(__r); }
------------------
_ZSt9addressofINSt8__detail10_Hash_nodeINSt7__cxx1112basic_stringIcSt11char_traitsIcESaIcEEELb1EEEEPT_RS9_:
function _ZSt9addressofINSt8__detail10_Hash_nodeINSt7__cxx1112basic_stringIcSt11char_traitsIcESaIcEEELb1EEEEPT_RS9_ called 0 returned 0% blocks executed 0%
    #####:  138:    addressof(_Tp& __r) noexcept
    #####:  139:    { return std::__addressof(__r); }
    %%%%%:  139-block  0
call    0 never executed
------------------
_ZSt9addressofIPNSt8__detail15_Hash_node_baseEEPT_RS3_:
function _ZSt9addressofIPNSt8__detail15_Hash_node_baseEEPT_RS3_ called 0 returned 0% blocks executed 0%
    #####:  138:    addressof(_Tp& __r) noexcept
    #####:  139:    { return std::__addressof(__r); }
    %%%%%:  139-block  0
call    0 never executed
------------------
_ZSt9addressofIKwEPT_RS1_:
function _ZSt9addressofIKwEPT_RS1_ called 0 returned 0% blocks executed 0%
    #####:  138:    addressof(_Tp& __r) noexcept
    #####:  139:    { return std::__addressof(__r); }
    %%%%%:  139-block  0
call    0 never executed
------------------
_ZSt9addressofIKcEPT_RS1_:
function _ZSt9addressofIKcEPT_RS1_ called 0 returned 0% blocks executed 0%
    #####:  138:    addressof(_Tp& __r) noexcept
    #####:  139:    { return std::__addressof(__r); }
    %%%%%:  139-block  0
call    0 never executed
------------------
_ZSt9addressofIwEPT_RS0_:
function _ZSt9addressofIwEPT_RS0_ called 0 returned 0% blocks executed 0%
    #####:  138:    addressof(_Tp& __r) noexcept
    #####:  139:    { return std::__addressof(__r); }
    %%%%%:  139-block  0
call    0 never executed
------------------
_ZSt9addressofIcEPT_RS0_:
function _ZSt9addressofIcEPT_RS0_ called 0 returned 0% blocks executed 0%
    #####:  138:    addressof(_Tp& __r) noexcept
    #####:  139:    { return std::__addressof(__r); }
    %%%%%:  139-block  0
call    0 never executed
------------------
        -:  140:
        -:  141:  // _GLIBCXX_RESOLVE_LIB_DEFECTS
        -:  142:  // 2598. addressof works on temporaries
        -:  143:  template<typename _Tp>
        -:  144:    const _Tp* addressof(const _Tp&&) = delete;
        -:  145:
        -:  146:  // C++11 version of std::exchange for internal use.
        -:  147:  template <typename _Tp, typename _Up = _Tp>
        -:  148:    _GLIBCXX20_CONSTEXPR
        -:  149:    inline _Tp
        -:  150:    __exchange(_Tp& __obj, _Up&& __new_val)
        -:  151:    {
        -:  152:      _Tp __old_val = std::move(__obj);
        -:  153:      __obj = std::forward<_Up>(__new_val);
        -:  154:      return __old_val;
        -:  155:    }
        -:  156:
        -:  157:  /// @} group utilities
        -:  158:
        -:  159:#define _GLIBCXX_FWDREF(_Tp) _Tp&&
        -:  160:#define _GLIBCXX_MOVE(__val) std::move(__val)
        -:  161:#define _GLIBCXX_FORWARD(_Tp, __val) std::forward<_Tp>(__val)
        -:  162:#else
        -:  163:#define _GLIBCXX_FWDREF(_Tp) const _Tp&
        -:  164:#define _GLIBCXX_MOVE(__val) (__val)
        -:  165:#define _GLIBCXX_FORWARD(_Tp, __val) (__val)
        -:  166:#endif
        -:  167:
        -:  168:  /**
        -:  169:   *  @addtogroup utilities
        -:  170:   *  @{
        -:  171:   */
        -:  172:
        -:  173:  /**
        -:  174:   *  @brief Swaps two values.
        -:  175:   *  @param  __a  A thing of arbitrary type.
        -:  176:   *  @param  __b  Another thing of arbitrary type.
        -:  177:   *  @return   Nothing.
        -:  178:  */
        -:  179:  template<typename _Tp>
        -:  180:    _GLIBCXX20_CONSTEXPR
        -:  181:    inline
        -:  182:#if __cplusplus >= 201103L
        -:  183:    typename enable_if<__and_<__not_<__is_tuple_like<_Tp>>,
        -:  184:			      is_move_constructible<_Tp>,
        -:  185:			      is_move_assignable<_Tp>>::value>::type
        -:  186:#else
        -:  187:    void
        -:  188:#endif
    #####:  189:    swap(_Tp& __a, _Tp& __b)
        -:  190:    _GLIBCXX_NOEXCEPT_IF(__and_<is_nothrow_move_constructible<_Tp>,
        -:  191:				is_nothrow_move_assignable<_Tp>>::value)
        -:  192:    {
        -:  193:#if __cplusplus < 201103L
        -:  194:      // concept requirements
        -:  195:      __glibcxx_function_requires(_SGIAssignableConcept<_Tp>)
        -:  196:#endif
    #####:  197:      _Tp __tmp = _GLIBCXX_MOVE(__a);
    #####:  198:      __a = _GLIBCXX_MOVE(__b);
    #####:  199:      __b = _GLIBCXX_MOVE(__tmp);
    #####:  200:    }
------------------
_ZSt4swapIlENSt9enable_ifIXsrSt6__and_IJSt6__not_ISt15__is_tuple_likeIT_EESt21is_move_constructibleIS4_ESt18is_move_assignableIS4_EEE5valueEvE4typeERS4_SE_:
function _ZSt4swapIlENSt9enable_ifIXsrSt6__and_IJSt6__not_ISt15__is_tuple_likeIT_EESt21is_move_constructibleIS4_ESt18is_move_assignableIS4_EEE5valueEvE4typeERS4_SE_ called 0 returned 0% blocks executed 0%
    #####:  189:    swap(_Tp& __a, _Tp& __b)
        -:  190:    _GLIBCXX_NOEXCEPT_IF(__and_<is_nothrow_move_constructible<_Tp>,
        -:  191:				is_nothrow_move_assignable<_Tp>>::value)
        -:  192:    {
        -:  193:#if __cplusplus < 201103L
        -:  194:      // concept requirements
        -:  195:      __glibcxx_function_requires(_SGIAssignableConcept<_Tp>)
        -:  196:#endif
    #####:  197:      _Tp __tmp = _GLIBCXX_MOVE(__a);
    %%%%%:  197-block  0
call    0 never executed
    #####:  198:      __a = _GLIBCXX_MOVE(__b);
call    0 never executed
    #####:  199:      __b = _GLIBCXX_MOVE(__tmp);
call    0 never executed
    #####:  200:    }
------------------
_ZSt4swapIPN7testing8TestInfoEENSt9enable_ifIXsrSt6__and_IJSt6__not_ISt15__is_tuple_likeIT_EESt21is_move_constructibleIS7_ESt18is_move_assignableIS7_EEE5valueEvE4typeERS7_SH_:
function _ZSt4swapIPN7testing8TestInfoEENSt9enable_ifIXsrSt6__and_IJSt6__not_ISt15__is_tuple_likeIT_EESt21is_move_constructibleIS7_ESt18is_move_assignableIS7_EEE5valueEvE4typeERS7_SH_ called 0 returned 0% blocks executed 0%
    #####:  189:    swap(_Tp& __a, _Tp& __b)
        -:  190:    _GLIBCXX_NOEXCEPT_IF(__and_<is_nothrow_move_constructible<_Tp>,
        -:  191:				is_nothrow_move_assignable<_Tp>>::value)
        -:  192:    {
        -:  193:#if __cplusplus < 201103L
        -:  194:      // concept requirements
        -:  195:      __glibcxx_function_requires(_SGIAssignableConcept<_Tp>)
        -:  196:#endif
    #####:  197:      _Tp __tmp = _GLIBCXX_MOVE(__a);
    %%%%%:  197-block  0
call    0 never executed
    #####:  198:      __a = _GLIBCXX_MOVE(__b);
call    0 never executed
    #####:  199:      __b = _GLIBCXX_MOVE(__tmp);
call    0 never executed
    #####:  200:    }
------------------
_ZSt4swapIN7testing8internal13edit_distance8EditTypeEENSt9enable_ifIXsrSt6__and_IJSt6__not_ISt15__is_tuple_likeIT_EESt21is_move_constructibleIS8_ESt18is_move_assignableIS8_EEE5valueEvE4typeERS8_SI_:
function _ZSt4swapIN7testing8internal13edit_distance8EditTypeEENSt9enable_ifIXsrSt6__and_IJSt6__not_ISt15__is_tuple_likeIT_EESt21is_move_constructibleIS8_ESt18is_move_assignableIS8_EEE5valueEvE4typeERS8_SI_ called 0 returned 0% blocks executed 0%
    #####:  189:    swap(_Tp& __a, _Tp& __b)
        -:  190:    _GLIBCXX_NOEXCEPT_IF(__and_<is_nothrow_move_constructible<_Tp>,
        -:  191:				is_nothrow_move_assignable<_Tp>>::value)
        -:  192:    {
        -:  193:#if __cplusplus < 201103L
        -:  194:      // concept requirements
        -:  195:      __glibcxx_function_requires(_SGIAssignableConcept<_Tp>)
        -:  196:#endif
    #####:  197:      _Tp __tmp = _GLIBCXX_MOVE(__a);
    %%%%%:  197-block  0
call    0 never executed
    #####:  198:      __a = _GLIBCXX_MOVE(__b);
call    0 never executed
    #####:  199:      __b = _GLIBCXX_MOVE(__tmp);
call    0 never executed
    #####:  200:    }
------------------
_ZSt4swapISt14default_deleteINSt7__cxx1112basic_stringIcSt11char_traitsIcESaIcEEEEENSt9enable_ifIXsrSt6__and_IJSt6__not_ISt15__is_tuple_likeIT_EESt21is_move_constructibleISC_ESt18is_move_assignableISC_EEE5valueEvE4typeERSC_SM_:
function _ZSt4swapISt14default_deleteINSt7__cxx1112basic_stringIcSt11char_traitsIcESaIcEEEEENSt9enable_ifIXsrSt6__and_IJSt6__not_ISt15__is_tuple_likeIT_EESt21is_move_constructibleISC_ESt18is_move_assignableISC_EEE5valueEvE4typeERSC_SM_ called 0 returned 0% blocks executed 0%
    #####:  189:    swap(_Tp& __a, _Tp& __b)
        -:  190:    _GLIBCXX_NOEXCEPT_IF(__and_<is_nothrow_move_constructible<_Tp>,
        -:  191:				is_nothrow_move_assignable<_Tp>>::value)
        -:  192:    {
        -:  193:#if __cplusplus < 201103L
        -:  194:      // concept requirements
        -:  195:      __glibcxx_function_requires(_SGIAssignableConcept<_Tp>)
        -:  196:#endif
    #####:  197:      _Tp __tmp = _GLIBCXX_MOVE(__a);
    %%%%%:  197-block  0
call    0 never executed
    #####:  198:      __a = _GLIBCXX_MOVE(__b);
call    0 never executed
    #####:  199:      __b = _GLIBCXX_MOVE(__tmp);
call    0 never executed
    #####:  200:    }
------------------
_ZSt4swapIPNSt7__cxx1112basic_stringIcSt11char_traitsIcESaIcEEEENSt9enable_ifIXsrSt6__and_IJSt6__not_ISt15__is_tuple_likeIT_EESt21is_move_constructibleISB_ESt18is_move_assignableISB_EEE5valueEvE4typeERSB_SL_:
function _ZSt4swapIPNSt7__cxx1112basic_stringIcSt11char_traitsIcESaIcEEEENSt9enable_ifIXsrSt6__and_IJSt6__not_ISt15__is_tuple_likeIT_EESt21is_move_constructibleISB_ESt18is_move_assignableISB_EEE5valueEvE4typeERSB_SL_ called 0 returned 0% blocks executed 0%
    #####:  189:    swap(_Tp& __a, _Tp& __b)
        -:  190:    _GLIBCXX_NOEXCEPT_IF(__and_<is_nothrow_move_constructible<_Tp>,
        -:  191:				is_nothrow_move_assignable<_Tp>>::value)
        -:  192:    {
        -:  193:#if __cplusplus < 201103L
        -:  194:      // concept requirements
        -:  195:      __glibcxx_function_requires(_SGIAssignableConcept<_Tp>)
        -:  196:#endif
    #####:  197:      _Tp __tmp = _GLIBCXX_MOVE(__a);
    %%%%%:  197-block  0
call    0 never executed
    #####:  198:      __a = _GLIBCXX_MOVE(__b);
call    0 never executed
    #####:  199:      __b = _GLIBCXX_MOVE(__tmp);
call    0 never executed
    #####:  200:    }
------------------
_ZSt4swapIiENSt9enable_ifIXsrSt6__and_IJSt6__not_ISt15__is_tuple_likeIT_EESt21is_move_constructibleIS4_ESt18is_move_assignableIS4_EEE5valueEvE4typeERS4_SE_:
function _ZSt4swapIiENSt9enable_ifIXsrSt6__and_IJSt6__not_ISt15__is_tuple_likeIT_EESt21is_move_constructibleIS4_ESt18is_move_assignableIS4_EEE5valueEvE4typeERS4_SE_ called 0 returned 0% blocks executed 0%
    #####:  189:    swap(_Tp& __a, _Tp& __b)
        -:  190:    _GLIBCXX_NOEXCEPT_IF(__and_<is_nothrow_move_constructible<_Tp>,
        -:  191:				is_nothrow_move_assignable<_Tp>>::value)
        -:  192:    {
        -:  193:#if __cplusplus < 201103L
        -:  194:      // concept requirements
        -:  195:      __glibcxx_function_requires(_SGIAssignableConcept<_Tp>)
        -:  196:#endif
    #####:  197:      _Tp __tmp = _GLIBCXX_MOVE(__a);
    %%%%%:  197-block  0
call    0 never executed
    #####:  198:      __a = _GLIBCXX_MOVE(__b);
call    0 never executed
    #####:  199:      __b = _GLIBCXX_MOVE(__tmp);
call    0 never executed
    #####:  200:    }
------------------
_ZSt4swapIbENSt9enable_ifIXsrSt6__and_IJSt6__not_ISt15__is_tuple_likeIT_EESt21is_move_constructibleIS4_ESt18is_move_assignableIS4_EEE5valueEvE4typeERS4_SE_:
function _ZSt4swapIbENSt9enable_ifIXsrSt6__and_IJSt6__not_ISt15__is_tuple_likeIT_EESt21is_move_constructibleIS4_ESt18is_move_assignableIS4_EEE5valueEvE4typeERS4_SE_ called 0 returned 0% blocks executed 0%
    #####:  189:    swap(_Tp& __a, _Tp& __b)
        -:  190:    _GLIBCXX_NOEXCEPT_IF(__and_<is_nothrow_move_constructible<_Tp>,
        -:  191:				is_nothrow_move_assignable<_Tp>>::value)
        -:  192:    {
        -:  193:#if __cplusplus < 201103L
        -:  194:      // concept requirements
        -:  195:      __glibcxx_function_requires(_SGIAssignableConcept<_Tp>)
        -:  196:#endif
    #####:  197:      _Tp __tmp = _GLIBCXX_MOVE(__a);
    %%%%%:  197-block  0
call    0 never executed
    #####:  198:      __a = _GLIBCXX_MOVE(__b);
call    0 never executed
    #####:  199:      __b = _GLIBCXX_MOVE(__tmp);
call    0 never executed
    #####:  200:    }
------------------
        -:  201:
        -:  202:  // _GLIBCXX_RESOLVE_LIB_DEFECTS
        -:  203:  // DR 809. std::swap should be overloaded for array types.
        -:  204:  /// Swap the contents of two arrays.
        -:  205:  template<typename _Tp, size_t _Nm>
        -:  206:    _GLIBCXX20_CONSTEXPR
        -:  207:    inline
        -:  208:#if __cplusplus >= 201103L
        -:  209:    typename enable_if<__is_swappable<_Tp>::value>::type
        -:  210:#else
        -:  211:    void
        -:  212:#endif
        -:  213:    swap(_Tp (&__a)[_Nm], _Tp (&__b)[_Nm])
        -:  214:    _GLIBCXX_NOEXCEPT_IF(__is_nothrow_swappable<_Tp>::value)
        -:  215:    {
        -:  216:      for (size_t __n = 0; __n < _Nm; ++__n)
        -:  217:	swap(__a[__n], __b[__n]);
        -:  218:    }
        -:  219:
        -:  220:  /// @} group utilities
        -:  221:_GLIBCXX_END_NAMESPACE_VERSION
        -:  222:} // namespace
        -:  223:
        -:  224:#endif /* _MOVE_H */
